#
# A fatal error has been detected by the Java Runtime Environment:
#
#  EXCEPTION_ACCESS_VIOLATION (0xc0000005) at pc=0x00007ffac8058f21, pid=12456, tid=868
#
# JRE version: Java(TM) SE Runtime Environment (23.0.2+7) (build 23.0.2+7-58)
# Java VM: Java HotSpot(TM) 64-Bit Server VM (23.0.2+7-58, mixed mode, sharing, tiered, compressed oops, compressed class ptrs, g1 gc, windows-amd64)
# Problematic frame:
# V  [jvm.dll+0x3b8f21]
#
# No core dump will be written. Minidumps are not enabled by default on client versions of Windows
#
# If you would like to submit a bug report, please visit:
#   https://bugreport.java.com/bugreport/crash.jsp
#

---------------  S U M M A R Y ------------

Command Line: -javaagent:C:\Program Files\JetBrains\IntelliJ IDEA Community Edition 2024.3.3\lib\idea_rt.jar=53101:C:\Program Files\JetBrains\IntelliJ IDEA Community Edition 2024.3.3\bin -Dfile.encoding=UTF-8 -Dsun.stdout.encoding=UTF-8 -Dsun.stderr.encoding=UTF-8 com.programming.techie.notificationservice.NotificationServiceApplication

Host: Intel(R) Core(TM) i5-1035G1 CPU @ 1.00GHz, 8 cores, 15G,  Windows 11 , 64 bit Build 26100 (10.0.26100.3323)
Time: Sat May 17 17:01:34 2025 India Standard Time elapsed time: 4.079633 seconds (0d 0h 0m 4s)

---------------  T H R E A D  ---------------

Current thread (0x00000214230674b0):  JavaThread "C2 CompilerThread0" daemon [_thread_in_native, id=868, stack(0x000000a847800000,0x000000a847900000) (1024K)]


Current CompileTask:
C2:4079 4008       4       org.springframework.core.annotation.AnnotationsScanner::getDeclaredAnnotations (166 bytes)

Stack: [0x000000a847800000,0x000000a847900000],  sp=0x000000a8478fc910,  free space=1010k
Native frames: (J=compiled Java code, j=interpreted, Vv=VM code, C=native code)
V  [jvm.dll+0x3b8f21]  (no source info available)
V  [jvm.dll+0x5e8556]  (no source info available)
V  [jvm.dll+0x1dc162]  (no source info available)
V  [jvm.dll+0x244ce5]  (no source info available)
V  [jvm.dll+0x243eff]  (no source info available)
V  [jvm.dll+0x1c34b0]  (no source info available)
V  [jvm.dll+0x253df1]  (no source info available)
V  [jvm.dll+0x2520aa]  (no source info available)
V  [jvm.dll+0x3ee226]  (no source info available)
V  [jvm.dll+0x8254cb]  (no source info available)
V  [jvm.dll+0x6df345]  (no source info available)
C  [ucrtbase.dll+0x37b0]  (no source info available)
C  [KERNEL32.DLL+0x2e8d7]  (no source info available)
C  [ntdll.dll+0xbbf6c]  (no source info available)


siginfo: EXCEPTION_ACCESS_VIOLATION (0xc0000005), writing address 0x00007ffec88ec698


Registers:
RAX=0x000000a8478fe380, RBX=0x00007ffec88ec698, RCX=0x000002142349b6a0, RDX=0x0000000000000005
RSP=0x000000a8478fc910, RBP=0x000002142305d0e0, RSI=0x0000000000000010, RDI=0x000002142a398240
R8 =0x0000000000000000, R9 =0x0000021423024dd0, R10=0x000000000000d340, R11=0x00007ffac88ec698
R12=0x000002142a00aeb0, R13=0x0000021423024dd0, R14=0x0000000000000070, R15=0x0000000000000020
RIP=0x00007ffac8058f21, EFLAGS=0x0000000000010202


Register to memory mapping:

RAX=0x000000a8478fe380 is pointing into the stack for thread: 0x00000214230674b0
RBX=0x00007ffec88ec698 is an unknown value
RCX=0x000002142349b6a0 points into unknown readable memory: 0x000002142349b720 | 20 b7 49 23 14 02 00 00
RDX=0x0000000000000005 is an unknown value
RSP=0x000000a8478fc910 is pointing into the stack for thread: 0x00000214230674b0
RBP=0x000002142305d0e0 points into unknown readable memory: 0x0000000000000000 | 00 00 00 00 00 00 00 00
RSI=0x0000000000000010 is an unknown value
RDI=0x000002142a398240 points into unknown readable memory: 0x0000000500000000 | 00 00 00 00 05 00 00 00
R8 =0x0 is null
R9 =0x0000021423024dd0 points into unknown readable memory: 0x0000000100000007 | 07 00 00 00 01 00 00 00
R10=0x000000000000d340 is an unknown value
R11=0x00007ffac88ec698 jvm.dll
R12=0x000002142a00aeb0 points into unknown readable memory: 0x000002142a392e70 | 70 2e 39 2a 14 02 00 00
R13=0x0000021423024dd0 points into unknown readable memory: 0x0000000100000007 | 07 00 00 00 01 00 00 00
R14=0x0000000000000070 is an unknown value
R15=0x0000000000000020 is an unknown value

Top of Stack: (sp=0x000000a8478fc910)
0x000000a8478fc910:   0000000000000005 000000a8478fcb90
0x000000a8478fc920:   0000000000000248 0000000000000049
0x000000a8478fc930:   0000000000000086 0000000000000086
0x000000a8478fc940:   000000a8478fcb90 00007ffac8288556
0x000000a8478fc950:   0000000000000002 000000a8478fc9e9
0x000000a8478fc960:   000002142a398240 000000a8478fc9e9
0x000000a8478fc970:   000000a8478fc9e0 00007ffac83cfe7e
0x000000a8478fc980:   0000000000000248 000002142305d150
0x000000a8478fc990:   0000021400000008 0000021423024dd0
0x000000a8478fc9a0:   00000214239ca990 00007ffa00000000
0x000000a8478fc9b0:   000002142a392e80 0000021423024dd0
0x000000a8478fc9c0:   000002142a00aeb0 00000000000e1510
0x000000a8478fc9d0:   000002142a012ec0 000002142a012ec0
0x000000a8478fc9e0:   0000021400000020 00000214239ce268
0x000000a8478fc9f0:   0000000000000020 0000021423024dd0
0x000000a8478fca00:   00000000000360e0 00000214280c0730
0x000000a8478fca10:   000000a8478fcfb0 0000000000000001
0x000000a8478fca20:   00000214280c0740 00000000000003d8
0x000000a8478fca30:   00000214280c0b18 000000a8478fced0
0x000000a8478fca40:   000000a8478fcb50 00007ffac7e7c162
0x000000a8478fca50:   000000a800000000 000000a800000001
0x000000a8478fca60:   00000214239caa78 000002142305d100
0x000000a8478fca70:   0000000000000000 0000000000000000
0x000000a8478fca80:   0000000100000007 00000214280c0730
0x000000a8478fca90:   0000021429a27850 0000021429a29ea0
0x000000a8478fcaa0:   0000021429a2f838 00000000000a1ce8
0x000000a8478fcab0:   00000214280c0740 0000000000000000
0x000000a8478fcac0:   0000000000000000 0000000000000000
0x000000a8478fcad0:   0000000000000000 0000000000007f00
0x000000a8478fcae0:   0000000000007fd8 00007ffac8675858
0x000000a8478fcaf0:   0000000000000000 000000a8478fe380
0x000000a8478fcb00:   0000000000000000 00007ffac8675858 

Instructions: (pc=0x00007ffac8058f21)
0x00007ffac8058e21:   18 48 8b 88 70 06 00 00 48 8b 99 80 00 00 00 48
0x00007ffac8058e31:   8b 83 e0 08 00 00 48 85 c0 75 0c e8 2f 07 00 00
0x00007ffac8058e41:   48 8b 83 e0 08 00 00 48 8b 08 0f 57 c0 48 89 8b
0x00007ffac8058e51:   e0 08 00 00 0f 11 00 0f 11 40 10 48 83 c4 20 5b
0x00007ffac8058e61:   c3 cc cc cc cc cc cc cc cc cc cc cc cc cc cc 48
0x00007ffac8058e71:   89 5c 24 08 57 48 83 ec 20 8b da 48 8b f9 e8 6c
0x00007ffac8058e81:   ff ff ff c1 eb 08 3b 5f 04 72 08 44 8d 43 01 44
0x00007ffac8058e91:   89 47 04 48 8b 4f 08 48 89 04 d9 48 8b 5c 24 30
0x00007ffac8058ea1:   48 83 c4 20 5f c3 cc cc cc cc cc cc cc cc cc 48
0x00007ffac8058eb1:   89 5c 24 08 48 89 6c 24 10 48 89 74 24 18 57 41
0x00007ffac8058ec1:   56 41 57 48 83 ec 20 8b c2 48 8b f9 8b 15 21 b1
0x00007ffac8058ed1:   8e 00 41 be 70 00 00 00 48 8d 34 c5 00 00 00 00
0x00007ffac8058ee1:   48 8b 41 08 48 8b 1c 06 65 48 8b 04 25 58 00 00
0x00007ffac8058ef1:   00 48 8b 2c d0 41 80 3c 2e 00 75 05 e8 76 46 56
0x00007ffac8058f01:   00 41 bf 20 00 00 00 49 8b 04 2f 48 8b 88 70 06
0x00007ffac8058f11:   00 00 48 8b 81 80 00 00 00 48 8b 88 e0 08 00 00
0x00007ffac8058f21:   48 89 0b 41 80 3c 2e 00 75 05 e8 48 46 56 00 49
0x00007ffac8058f31:   8b 04 2f 48 8b 6c 24 48 48 8b 88 70 06 00 00 48
0x00007ffac8058f41:   8b 81 80 00 00 00 48 8d 0d 4a 37 89 00 48 89 98
0x00007ffac8058f51:   e0 08 00 00 48 8b 47 08 48 8b 5c 24 40 48 89 0c
0x00007ffac8058f61:   06 48 8b 74 24 50 48 83 c4 20 41 5f 41 5e 5f c3
0x00007ffac8058f71:   cc cc cc cc cc cc cc cc cc cc cc cc cc cc cc 48
0x00007ffac8058f81:   89 5c 24 10 57 48 83 ec 20 81 c2 ff 00 00 00 33
0x00007ffac8058f91:   db c1 ea 08 48 8b f9 48 89 19 89 91 90 00 00 00
0x00007ffac8058fa1:   83 fa 10 77 06 48 83 c1 10 eb 7c 65 48 8b 04 25
0x00007ffac8058fb1:   58 00 00 00 8b 0d 39 b0 8e 00 48 89 74 24 30 48
0x00007ffac8058fc1:   8b 34 c8 b8 70 00 00 00 38 1c 30 75 05 e8 a5 45
0x00007ffac8058fd1:   56 00 8b 97 90 00 00 00 b8 20 00 00 00 48 c1 e2
0x00007ffac8058fe1:   03 48 8b 04 30 48 8b 74 24 30 48 8b 88 70 06 00
0x00007ffac8058ff1:   00 48 8b 81 80 00 00 00 4c 8b 88 d8 08 00 00 49
0x00007ffac8059001:   8b 49 18 49 8b 41 20 48 2b c1 48 3b c2 72 0a 48
0x00007ffac8059011:   8d 04 11 49 89 41 18 eb 0e 45 33 c0 49 8b c9 e8 


Stack slot to memory mapping:

stack at sp + 0 slots: 0x0000000000000005 is an unknown value
stack at sp + 1 slots: 0x000000a8478fcb90 is pointing into the stack for thread: 0x00000214230674b0
stack at sp + 2 slots: 0x0000000000000248 is an unknown value
stack at sp + 3 slots: 0x0000000000000049 is an unknown value
stack at sp + 4 slots: 0x0000000000000086 is an unknown value
stack at sp + 5 slots: 0x0000000000000086 is an unknown value
stack at sp + 6 slots: 0x000000a8478fcb90 is pointing into the stack for thread: 0x00000214230674b0
stack at sp + 7 slots: 0x00007ffac8288556 jvm.dll

Lock stack of current Java thread (top to bottom):


---------------  P R O C E S S  ---------------

Threads class SMR info:
_java_thread_list=0x000002142980d240, length=17, elements={
0x00000213c03fc5f0, 0x00000214230233b0, 0x00000214230280a0, 0x000002142302bd60,
0x000002142302cc00, 0x00000214230302d0, 0x0000021423052940, 0x00000214230674b0,
0x00000214230714b0, 0x00000214231684b0, 0x00000214231c0b50, 0x0000021423165d50,
0x0000021423166a70, 0x00000214288eb5d0, 0x00000214231656c0, 0x00000214231663e0,
0x0000021423167100
}

Java Threads: ( => current thread )
  0x00000213c03fc5f0 JavaThread "main"                              [_thread_in_vm, id=17576, stack(0x000000a846a00000,0x000000a846b00000) (1024K)]
  0x00000214230233b0 JavaThread "Reference Handler"          daemon [_thread_blocked, id=20576, stack(0x000000a847200000,0x000000a847300000) (1024K)]
  0x00000214230280a0 JavaThread "Finalizer"                  daemon [_thread_blocked, id=19968, stack(0x000000a847300000,0x000000a847400000) (1024K)]
  0x000002142302bd60 JavaThread "Signal Dispatcher"          daemon [_thread_blocked, id=20112, stack(0x000000a847400000,0x000000a847500000) (1024K)]
  0x000002142302cc00 JavaThread "Attach Listener"            daemon [_thread_blocked, id=14476, stack(0x000000a847500000,0x000000a847600000) (1024K)]
  0x00000214230302d0 JavaThread "Service Thread"             daemon [_thread_blocked, id=22056, stack(0x000000a847600000,0x000000a847700000) (1024K)]
  0x0000021423052940 JavaThread "Monitor Deflation Thread"   daemon [_thread_blocked, id=10532, stack(0x000000a847700000,0x000000a847800000) (1024K)]
=>0x00000214230674b0 JavaThread "C2 CompilerThread0"         daemon [_thread_in_native, id=868, stack(0x000000a847800000,0x000000a847900000) (1024K)]
  0x00000214230714b0 JavaThread "C1 CompilerThread0"         daemon [_thread_blocked, id=20968, stack(0x000000a847900000,0x000000a847a00000) (1024K)]
  0x00000214231684b0 JavaThread "Common-Cleaner"             daemon [_thread_blocked, id=9336, stack(0x000000a847a00000,0x000000a847b00000) (1024K)]
  0x00000214231c0b50 JavaThread "C2 CompilerThread1"         daemon [_thread_in_native, id=16316, stack(0x000000a847b00000,0x000000a847c00000) (1024K)]
  0x0000021423165d50 JavaThread "Monitor Ctrl-Break"         daemon [_thread_in_native, id=10688, stack(0x000000a847c00000,0x000000a847d00000) (1024K)]
  0x0000021423166a70 JavaThread "Notification Thread"        daemon [_thread_blocked, id=19840, stack(0x000000a847d00000,0x000000a847e00000) (1024K)]
  0x00000214288eb5d0 JavaThread "C2 CompilerThread2"         daemon [_thread_in_native, id=22336, stack(0x000000a848700000,0x000000a848800000) (1024K)]
  0x00000214231656c0 JavaThread "Catalina-utility-1"                [_thread_blocked, id=3708, stack(0x000000a848600000,0x000000a848700000) (1024K)]
  0x00000214231663e0 JavaThread "Catalina-utility-2"                [_thread_blocked, id=22128, stack(0x000000a848800000,0x000000a848900000) (1024K)]
  0x0000021423167100 JavaThread "container-0"                       [_thread_blocked, id=9480, stack(0x000000a848900000,0x000000a848a00000) (1024K)]
Total: 17

Other Threads:
  0x00000214230061f0 VMThread "VM Thread"                           [id=19024, stack(0x000000a847100000,0x000000a847200000) (1024K)]
  0x00000213e1805190 WatcherThread "VM Periodic Task Thread"        [id=21224, stack(0x000000a847000000,0x000000a847100000) (1024K)]
  0x00000213c2865890 WorkerThread "GC Thread#0"                     [id=21044, stack(0x000000a846b00000,0x000000a846c00000) (1024K)]
  0x00000214280a3860 WorkerThread "GC Thread#1"                     [id=20156, stack(0x000000a847e00000,0x000000a847f00000) (1024K)]
  0x00000214280a3c10 WorkerThread "GC Thread#2"                     [id=6088, stack(0x000000a847f00000,0x000000a848000000) (1024K)]
  0x00000214280a3fc0 WorkerThread "GC Thread#3"                     [id=21032, stack(0x000000a848000000,0x000000a848100000) (1024K)]
  0x00000214280a94f0 WorkerThread "GC Thread#4"                     [id=13696, stack(0x000000a848100000,0x000000a848200000) (1024K)]
  0x00000214280aa130 WorkerThread "GC Thread#5"                     [id=22240, stack(0x000000a848200000,0x000000a848300000) (1024K)]
  0x00000214280ab100 WorkerThread "GC Thread#6"                     [id=20496, stack(0x000000a848300000,0x000000a848400000) (1024K)]
  0x0000021428231180 WorkerThread "GC Thread#7"                     [id=11888, stack(0x000000a848500000,0x000000a848600000) (1024K)]
  0x00000213c287b360 ConcurrentGCThread "G1 Main Marker"            [id=11156, stack(0x000000a846c00000,0x000000a846d00000) (1024K)]
  0x00000213c287d700 WorkerThread "G1 Conc#0"                       [id=21048, stack(0x000000a846d00000,0x000000a846e00000) (1024K)]
  0x0000021429297b90 WorkerThread "G1 Conc#1"                       [id=100, stack(0x000000a848400000,0x000000a848500000) (1024K)]
  0x00000213e16d09c0 ConcurrentGCThread "G1 Refine#0"               [id=21568, stack(0x000000a846e00000,0x000000a846f00000) (1024K)]
  0x00000213c03eb940 ConcurrentGCThread "G1 Service"                [id=19740, stack(0x000000a846f00000,0x000000a847000000) (1024K)]
Total: 15

Threads with active compile tasks:
C2 CompilerThread0  4449 4008       4       org.springframework.core.annotation.AnnotationsScanner::getDeclaredAnnotations (166 bytes)
C2 CompilerThread1  4449 4007   !   4       org.springframework.core.annotation.AnnotationsScanner::processMethodHierarchy (276 bytes)
C2 CompilerThread2  4449 4102       4       org.springframework.util.ConcurrentReferenceHashMap$Segment::findInChain (66 bytes)
Total: 3

VM state: not at safepoint (normal execution)

VM Mutex/Monitor currently owned by a thread: None

Heap address: 0x0000000703a00000, size: 4038 MB, Compressed Oops mode: Zero based, Oop shift amount: 3

CDS archive(s) mapped at: [0x00000213e2000000-0x00000213e2d70000-0x00000213e2d70000), size 14090240, SharedBaseAddress: 0x00000213e2000000, ArchiveRelocationMode: 1.
Compressed class space mapped at: 0x00000213e3000000-0x0000021423000000, reserved size: 1073741824
Narrow klass base: 0x00000213e2000000, Narrow klass shift: 0, Narrow klass range: 0x41000000

GC Precious Log:
 CardTable entry size: 512
 Card Set container configuration: InlinePtr #cards 4 size 8 Array Of Cards #cards 16 size 48 Howl #buckets 8 coarsen threshold 3686 Howl Bitmap #cards 512 size 80 coarsen threshold 460 Card regions per heap region 1 cards per card region 4096
 CPUs: 8 total, 8 available
 Memory: 16151M
 Large Page Support: Disabled
 NUMA Support: Disabled
 Compressed Oops: Enabled (Zero based)
 Heap Region Size: 2M
 Heap Min Capacity: 8M
 Heap Initial Capacity: 254M
 Heap Max Capacity: 4038M
 Pre-touch: Disabled
 Parallel Workers: 8
 Concurrent Workers: 2
 Concurrent Refinement Workers: 8
 Periodic GC: Disabled

Heap:
 garbage-first heap   total reserved 4134912K, committed 40960K, used 17317K [0x0000000703a00000, 0x0000000800000000)
  region size 2048K, 4 young (8192K), 2 survivors (4096K)
 Metaspace       used 28361K, committed 28864K, reserved 1114112K
  class space    used 3653K, committed 3904K, reserved 1048576K

Heap Regions: E=young(eden), S=young(survivor), O=old, HS=humongous(starts), HC=humongous(continues), CS=collection set, F=free, TAMS=top-at-mark-start, PB=parsable bottom
|   0|0x0000000703a00000, 0x0000000703c00000, 0x0000000703c00000|100%| O|  |TAMS 0x0000000703a00000| PB 0x0000000703a00000| Untracked |  0
|   1|0x0000000703c00000, 0x0000000703e00000, 0x0000000703e00000|100%| O|  |TAMS 0x0000000703c00000| PB 0x0000000703c00000| Untracked |  0
|   2|0x0000000703e00000, 0x0000000703f58248, 0x0000000704000000| 67%| O|  |TAMS 0x0000000703e00000| PB 0x0000000703e00000| Untracked |  0
|   3|0x0000000704000000, 0x0000000704200000, 0x0000000704200000|100%| O|  |TAMS 0x0000000704000000| PB 0x0000000704000000| Untracked |  0
|   4|0x0000000704200000, 0x0000000704400000, 0x0000000704400000|100%| O|  |TAMS 0x0000000704200000| PB 0x0000000704200000| Untracked |  0
|   5|0x0000000704400000, 0x00000007045ccc80, 0x0000000704600000| 89%| O|  |TAMS 0x0000000704400000| PB 0x0000000704400000| Untracked |  0
|   6|0x0000000704600000, 0x0000000704600000, 0x0000000704800000|  0%| F|  |TAMS 0x0000000704600000| PB 0x0000000704600000| Untracked |  0
|   7|0x0000000704800000, 0x0000000704800000, 0x0000000704a00000|  0%| F|  |TAMS 0x0000000704800000| PB 0x0000000704800000| Untracked |  0
|   8|0x0000000704a00000, 0x0000000704a00000, 0x0000000704c00000|  0%| F|  |TAMS 0x0000000704a00000| PB 0x0000000704a00000| Untracked |  0
|   9|0x0000000704c00000, 0x0000000704c00000, 0x0000000704e00000|  0%| F|  |TAMS 0x0000000704c00000| PB 0x0000000704c00000| Untracked |  0
|  10|0x0000000704e00000, 0x0000000704e00000, 0x0000000705000000|  0%| F|  |TAMS 0x0000000704e00000| PB 0x0000000704e00000| Untracked |  0
|  11|0x0000000705000000, 0x00000007051c4730, 0x0000000705200000| 88%| S|CS|TAMS 0x0000000705000000| PB 0x0000000705000000| Complete |  0
|  12|0x0000000705200000, 0x0000000705400000, 0x0000000705400000|100%| S|CS|TAMS 0x0000000705200000| PB 0x0000000705200000| Complete |  0
|  13|0x0000000705400000, 0x0000000705400000, 0x0000000705600000|  0%| F|  |TAMS 0x0000000705400000| PB 0x0000000705400000| Untracked |  0
|  14|0x0000000705600000, 0x0000000705600000, 0x0000000705800000|  0%| F|  |TAMS 0x0000000705600000| PB 0x0000000705600000| Untracked |  0
|  15|0x0000000705800000, 0x0000000705800000, 0x0000000705a00000|  0%| F|  |TAMS 0x0000000705800000| PB 0x0000000705800000| Untracked |  0
|  99|0x0000000710000000, 0x0000000710000000, 0x0000000710200000|  0%| F|  |TAMS 0x0000000710000000| PB 0x0000000710000000| Untracked |  0
| 100|0x0000000710200000, 0x0000000710200000, 0x0000000710400000|  0%| F|  |TAMS 0x0000000710200000| PB 0x0000000710200000| Untracked |  0
| 101|0x0000000710400000, 0x00000007105d08d8, 0x0000000710600000| 90%| E|  |TAMS 0x0000000710400000| PB 0x0000000710400000| Complete |  0
| 126|0x0000000713600000, 0x0000000713800000, 0x0000000713800000|100%| E|CS|TAMS 0x0000000713600000| PB 0x0000000713600000| Complete |  0

Card table byte_map: [0x00000213dab40000,0x00000213db330000] _byte_map_base: 0x00000213d7323000

Marking Bits: (CMBitMap*) 0x00000213c2865fa0
 Bits: [0x00000213db330000, 0x00000213df248000)

Polling page: 0x00000213c1d70000

Metaspace:

Usage:
  Non-class:     24.13 MB used.
      Class:      3.57 MB used.
       Both:     27.70 MB used.

Virtual space:
  Non-class space:       64.00 MB reserved,      24.38 MB ( 38%) committed,  1 nodes.
      Class space:        1.00 GB reserved,       3.81 MB ( <1%) committed,  1 nodes.
             Both:        1.06 GB reserved,      28.19 MB (  3%) committed. 

Chunk freelists:
   Non-Class:  7.33 MB
       Class:  12.23 MB
        Both:  19.56 MB

MaxMetaspaceSize: unlimited
CompressedClassSpaceSize: 1.00 GB
Initial GC threshold: 21.00 MB
Current GC threshold: 35.25 MB
CDS: on
 - commit_granule_bytes: 65536.
 - commit_granule_words: 8192.
 - virtual_space_node_default_size: 8388608.
 - enlarge_chunks_in_place: 1.
 - use_allocation_guard: 0.


Internal statistics:

num_allocs_failed_limit: 3.
num_arena_births: 574.
num_arena_deaths: 0.
num_vsnodes_births: 2.
num_vsnodes_deaths: 0.
num_space_committed: 451.
num_space_uncommitted: 0.
num_chunks_returned_to_freelist: 3.
num_chunks_taken_from_freelist: 1571.
num_chunk_merges: 3.
num_chunk_splits: 1075.
num_chunks_enlarged: 772.
num_inconsistent_stats: 0.

CodeHeap 'non-profiled nmethods': size=120064Kb used=1590Kb max_used=1590Kb free=118473Kb
 bounds [0x00000213d29d0000, 0x00000213d2c40000, 0x00000213d9f10000]
CodeHeap 'profiled nmethods': size=120000Kb used=6470Kb max_used=6470Kb free=113529Kb
 bounds [0x00000213caf10000, 0x00000213cb570000, 0x00000213d2440000]
CodeHeap 'non-nmethods': size=5696Kb used=1598Kb max_used=1654Kb free=4097Kb
 bounds [0x00000213d2440000, 0x00000213d26b0000, 0x00000213d29d0000]
CodeCache: size=245760Kb, used=9658Kb, max_used=9714Kb, free=236099Kb
 total_blobs=4717, nmethods=4155, adapters=467, full_count=0
Compilation: enabled, stopped_count=0, restarted_count=0

Compilation events (20 events):
Event: 4.019 Thread 0x00000214230714b0 nmethod 4048 0x00000213cb51fd08 code [0x00000213cb51fe60, 0x00000213cb520158]
Event: 4.019 Thread 0x00000214230714b0 4047       1       org.springframework.beans.factory.InjectionPoint::getMethodParameter (5 bytes)
Event: 4.019 Thread 0x00000214230714b0 nmethod 4047 0x00000213d2b52608 code [0x00000213d2b52720, 0x00000213d2b527f0]
Event: 4.030 Thread 0x00000214230714b0 4049       3       java.lang.invoke.LambdaFormEditor$TransformKey::packedBytes (83 bytes)
Event: 4.030 Thread 0x00000214230714b0 nmethod 4049 0x00000213cb520188 code [0x00000213cb5202e0, 0x00000213cb520690]
Event: 4.031 Thread 0x00000214230714b0 4050       3       java.util.regex.Pattern$CharProperty::<init> (10 bytes)
Event: 4.031 Thread 0x00000214230714b0 nmethod 4050 0x00000213cb520708 code [0x00000213cb520840, 0x00000213cb520ae0]
Event: 4.031 Thread 0x00000214230714b0 4051       3       java.util.regex.Pattern$Node::study (21 bytes)
Event: 4.031 Thread 0x00000214230714b0 nmethod 4051 0x00000213cb520b08 code [0x00000213cb520c40, 0x00000213cb520e80]
Event: 4.031 Thread 0x00000214230714b0 4052       3       java.lang.invoke.LambdaFormEditor$TransformKey::of (83 bytes)
Event: 4.032 Thread 0x00000214230714b0 nmethod 4052 0x00000213cb520f08 code [0x00000213cb521080, 0x00000213cb521678]
Event: 4.059 Thread 0x00000214230714b0 4053       3       org.springframework.core.BridgeMethodResolver::isBridgedCandidateFor (38 bytes)
Event: 4.059 Thread 0x00000214230714b0 nmethod 4053 0x00000213cb521708 code [0x00000213cb521860, 0x00000213cb521c20]
Event: 4.060 Thread 0x00000214230714b0 4054       3       java.util.Spliterators$ArraySpliterator::<init> (40 bytes)
Event: 4.060 Thread 0x00000214230714b0 nmethod 4054 0x00000213cb521c88 code [0x00000213cb521da0, 0x00000213cb521f88]
Event: 4.060 Thread 0x00000214230714b0 4056   !   3       org.springframework.core.ResolvableType::getSuperType (53 bytes)
Event: 4.061 Thread 0x00000214230714b0 nmethod 4056 0x00000213cb522008 code [0x00000213cb522240, 0x00000213cb523200]
Event: 4.061 Thread 0x00000214230714b0 4057   !   3       org.springframework.util.ReflectionUtils::doWithLocalFields (66 bytes)
Event: 4.062 Thread 0x00000214230714b0 nmethod 4057 0x00000213cb523308 code [0x00000213cb5234a0, 0x00000213cb523a88]
Event: 4.062 Thread 0x00000214230714b0 4060       3       org.springframework.beans.factory.support.AbstractBeanFactory::isTypeMatch (745 bytes)

GC Heap History (8 events):
Event: 1.090 GC heap before
{Heap before GC invocations=0 (full 0):
 garbage-first heap   total reserved 4134912K, committed 260096K, used 22528K [0x0000000703a00000, 0x0000000800000000)
  region size 2048K, 12 young (24576K), 0 survivors (0K)
 Metaspace       used 7089K, committed 7296K, reserved 1114112K
  class space    used 892K, committed 960K, reserved 1048576K
}
Event: 1.097 GC heap after
{Heap after GC invocations=1 (full 0):
 garbage-first heap   total reserved 4134912K, committed 260096K, used 5393K [0x0000000703a00000, 0x0000000800000000)
  region size 2048K, 2 young (4096K), 2 survivors (4096K)
 Metaspace       used 7089K, committed 7296K, reserved 1114112K
  class space    used 892K, committed 960K, reserved 1048576K
}
Event: 1.581 GC heap before
{Heap before GC invocations=1 (full 0):
 garbage-first heap   total reserved 4134912K, committed 260096K, used 23825K [0x0000000703a00000, 0x0000000800000000)
  region size 2048K, 12 young (24576K), 2 survivors (4096K)
 Metaspace       used 12194K, committed 12544K, reserved 1114112K
  class space    used 1517K, committed 1664K, reserved 1048576K
}
Event: 1.586 GC heap after
{Heap after GC invocations=2 (full 0):
 garbage-first heap   total reserved 4134912K, committed 260096K, used 7449K [0x0000000703a00000, 0x0000000800000000)
  region size 2048K, 1 young (2048K), 1 survivors (2048K)
 Metaspace       used 12194K, committed 12544K, reserved 1114112K
  class space    used 1517K, committed 1664K, reserved 1048576K
}
Event: 3.048 GC heap before
{Heap before GC invocations=2 (full 0):
 garbage-first heap   total reserved 4134912K, committed 260096K, used 54553K [0x0000000703a00000, 0x0000000800000000)
  region size 2048K, 25 young (51200K), 1 survivors (2048K)
 Metaspace       used 21173K, committed 21504K, reserved 1114112K
  class space    used 2666K, committed 2816K, reserved 1048576K
}
Event: 3.056 GC heap after
{Heap after GC invocations=3 (full 0):
 garbage-first heap   total reserved 4134912K, committed 260096K, used 11567K [0x0000000703a00000, 0x0000000800000000)
  region size 2048K, 3 young (6144K), 3 survivors (6144K)
 Metaspace       used 21173K, committed 21504K, reserved 1114112K
  class space    used 2666K, committed 2816K, reserved 1048576K
}
Event: 3.638 GC heap before
{Heap before GC invocations=4 (full 0):
 garbage-first heap   total reserved 4134912K, committed 40960K, used 29999K [0x0000000703a00000, 0x0000000800000000)
  region size 2048K, 12 young (24576K), 3 survivors (6144K)
 Metaspace       used 25351K, committed 25728K, reserved 1114112K
  class space    used 3234K, committed 3392K, reserved 1048576K
}
Event: 3.647 GC heap after
{Heap after GC invocations=5 (full 0):
 garbage-first heap   total reserved 4134912K, committed 40960K, used 13697K [0x0000000703a00000, 0x0000000800000000)
  region size 2048K, 2 young (4096K), 2 survivors (4096K)
 Metaspace       used 25351K, committed 25728K, reserved 1114112K
  class space    used 3234K, committed 3392K, reserved 1048576K
}

Dll operation events (13 events):
Event: 0.016 Loaded shared library C:\Program Files\Java\jdk-23\bin\java.dll
Event: 0.063 Loaded shared library C:\Program Files\Java\jdk-23\bin\jsvml.dll
Event: 0.201 Loaded shared library C:\Program Files\Java\jdk-23\bin\zip.dll
Event: 0.205 Loaded shared library C:\Program Files\Java\jdk-23\bin\instrument.dll
Event: 0.212 Loaded shared library C:\Program Files\Java\jdk-23\bin\net.dll
Event: 0.215 Loaded shared library C:\Program Files\Java\jdk-23\bin\nio.dll
Event: 0.218 Loaded shared library C:\Program Files\Java\jdk-23\bin\zip.dll
Event: 0.307 Loaded shared library C:\Program Files\JetBrains\IntelliJ IDEA Community Edition 2024.3.3\bin\breakgen64.dll
Event: 0.329 Loaded shared library C:\Program Files\Java\jdk-23\bin\extnet.dll
Event: 0.376 Loaded shared library C:\Program Files\Java\jdk-23\bin\jimage.dll
Event: 2.020 Loaded shared library C:\Program Files\Java\jdk-23\bin\sunmscapi.dll
Event: 3.555 Loaded shared library C:\Program Files\Java\jdk-23\bin\management.dll
Event: 3.558 Loaded shared library C:\Program Files\Java\jdk-23\bin\management_ext.dll

Deoptimization events (20 events):
Event: 3.936 Thread 0x00000213c03fc5f0 Uncommon trap: trap_request=0xffffffd6 fr.pc=0x00000213d2b4a610 relative=0x0000000000002210
Event: 3.937 Thread 0x00000213c03fc5f0 Uncommon trap: reason=array_check action=maybe_recompile pc=0x00000213d2b4a610 method=org.springframework.util.ConcurrentReferenceHashMap$Segment.lambda$doTask$0(Ljava/lang/Object;ILorg/springframework/util/ConcurrentReferenceHashMap$Reference;ILjava/lang
Event: 3.937 Thread 0x00000213c03fc5f0 DEOPT PACKING pc=0x00000213d2b4a610 sp=0x000000a846afe350
Event: 3.937 Thread 0x00000213c03fc5f0 DEOPT UNPACKING pc=0x00000213d2497982 sp=0x000000a846afdfa0 mode 2
Event: 3.945 Thread 0x00000213c03fc5f0 Uncommon trap: trap_request=0xffffff45 fr.pc=0x00000213d2abdf98 relative=0x0000000000000498
Event: 3.945 Thread 0x00000213c03fc5f0 Uncommon trap: reason=unstable_if action=reinterpret pc=0x00000213d2abdf98 method=org.springframework.util.ConcurrentReferenceHashMap$Segment.findInChain(Lorg/springframework/util/ConcurrentReferenceHashMap$Reference;Ljava/lang/Object;I)Lorg/springframewo
Event: 3.945 Thread 0x00000213c03fc5f0 DEOPT PACKING pc=0x00000213d2abdf98 sp=0x000000a846afd8b0
Event: 3.945 Thread 0x00000213c03fc5f0 DEOPT UNPACKING pc=0x00000213d2497982 sp=0x000000a846afd750 mode 2
Event: 3.945 Thread 0x00000213c03fc5f0 Uncommon trap: trap_request=0xffffff45 fr.pc=0x00000213d2ab8678 relative=0x0000000000000238
Event: 3.945 Thread 0x00000213c03fc5f0 Uncommon trap: reason=unstable_if action=reinterpret pc=0x00000213d2ab8678 method=org.springframework.util.ConcurrentReferenceHashMap$Segment.findInChain(Lorg/springframework/util/ConcurrentReferenceHashMap$Reference;Ljava/lang/Object;I)Lorg/springframewo
Event: 3.945 Thread 0x00000213c03fc5f0 DEOPT PACKING pc=0x00000213d2ab8678 sp=0x000000a846afd640
Event: 3.945 Thread 0x00000213c03fc5f0 DEOPT UNPACKING pc=0x00000213d2497982 sp=0x000000a846afd5e8 mode 2
Event: 3.951 Thread 0x00000213c03fc5f0 Uncommon trap: trap_request=0xffffff45 fr.pc=0x00000213d2b3f684 relative=0x00000000000007a4
Event: 3.951 Thread 0x00000213c03fc5f0 Uncommon trap: reason=unstable_if action=reinterpret pc=0x00000213d2b3f684 method=java.lang.PublicMethods$MethodList.filter([Ljava/lang/reflect/Method;Ljava/lang/String;[Ljava/lang/Class;Z)Ljava/lang/PublicMethods$MethodList; @ 43 c2
Event: 3.951 Thread 0x00000213c03fc5f0 DEOPT PACKING pc=0x00000213d2b3f684 sp=0x000000a846afd940
Event: 3.951 Thread 0x00000213c03fc5f0 DEOPT UNPACKING pc=0x00000213d2497982 sp=0x000000a846afd8f0 mode 2
Event: 4.062 Thread 0x00000213c03fc5f0 Uncommon trap: trap_request=0xffffff45 fr.pc=0x00000213d2b506d0 relative=0x00000000000037d0
Event: 4.062 Thread 0x00000213c03fc5f0 Uncommon trap: reason=unstable_if action=reinterpret pc=0x00000213d2b506d0 method=org.springframework.beans.factory.support.AbstractBeanFactory.isTypeMatch(Ljava/lang/String;Lorg/springframework/core/ResolvableType;Z)Z @ 79 c2
Event: 4.062 Thread 0x00000213c03fc5f0 DEOPT PACKING pc=0x00000213d2b506d0 sp=0x000000a846afe600
Event: 4.062 Thread 0x00000213c03fc5f0 DEOPT UNPACKING pc=0x00000213d2497982 sp=0x000000a846afe5c8 mode 2

Classes loaded (20 events):
Event: 3.656 Loading class javax/net/ssl/SSLException
Event: 3.656 Loading class javax/net/ssl/SSLException done
Event: 3.667 Loading class java/nio/channels/CompletionHandler
Event: 3.668 Loading class java/nio/channels/CompletionHandler done
Event: 3.674 Loading class jdk/internal/vm/annotation/IntrinsicCandidate
Event: 3.674 Loading class jdk/internal/vm/annotation/IntrinsicCandidate done
Event: 3.685 Loading class java/util/concurrent/ScheduledThreadPoolExecutor$ScheduledFutureTask
Event: 3.685 Loading class java/util/concurrent/ScheduledThreadPoolExecutor$ScheduledFutureTask done
Event: 3.686 Loading class java/util/concurrent/Executors$RunnableAdapter
Event: 3.686 Loading class java/util/concurrent/Executors$RunnableAdapter done
Event: 3.686 Loading class java/util/concurrent/ThreadPoolExecutor$Worker
Event: 3.686 Loading class java/util/concurrent/ThreadPoolExecutor$Worker done
Event: 3.689 Loading class java/lang/invoke/DirectMethodHandle$Special
Event: 3.689 Loading class java/lang/invoke/DirectMethodHandle$Special done
Event: 3.697 Loading class jdk/internal/event/ThreadSleepEvent
Event: 3.697 Loading class jdk/internal/event/ThreadSleepEvent done
Event: 3.868 Loading class java/io/StringWriter
Event: 3.868 Loading class java/io/StringWriter done
Event: 4.010 Loading class java/util/ArrayList$ListItr
Event: 4.010 Loading class java/util/ArrayList$ListItr done

Classes unloaded (0 events):
No events

Classes redefined (0 events):
No events

Internal exceptions (20 events):
Event: 3.044 Thread 0x00000213c03fc5f0 Exception <a 'java/lang/NoSuchMethodError'{0x00000007107c4660}: 'java.lang.Object java.lang.invoke.DirectMethodHandle$Holder.invokeVirtual(java.lang.Object, java.lang.Object, java.lang.Object, java.lang.Object, java.lang.Object)'> (0x00000007107c4660) 
thrown [s\open\src\hotspot\share\interpreter\linkResolver.cpp, line 796]
Event: 3.170 Thread 0x00000213c03fc5f0 Exception <a 'java/lang/NoSuchMethodError'{0x000000070595da08}: 'java.lang.Object java.lang.invoke.DirectMethodHandle$Holder.invokeVirtual(java.lang.Object, java.lang.Object, java.lang.Object, java.lang.Object, java.lang.Object, java.lang.Object)'> (0x000000070595da08) 
thrown [s\open\src\hotspot\share\interpreter\linkResolver.cpp, line 796]
Event: 3.219 Thread 0x00000213c03fc5f0 Exception <a 'java/lang/NoSuchMethodError'{0x00000007056936a8}: 'void java.lang.invoke.DirectMethodHandle$Holder.invokeInterface(java.lang.Object, java.lang.Object, int)'> (0x00000007056936a8) 
thrown [s\open\src\hotspot\share\interpreter\linkResolver.cpp, line 796]
Event: 3.233 Thread 0x00000213c03fc5f0 Exception <a 'java/lang/IncompatibleClassChangeError'{0x00000007056d65f8}: Found class java.lang.Object, but interface was expected> (0x00000007056d65f8) 
thrown [s\open\src\hotspot\share\interpreter\linkResolver.cpp, line 863]
Event: 3.235 Thread 0x00000213c03fc5f0 Exception <a 'java/lang/NoSuchMethodError'{0x00000007056e4898}: 'int java.lang.invoke.DirectMethodHandle$Holder.invokeSpecialIFC(java.lang.Object, java.lang.Object, java.lang.Object)'> (0x00000007056e4898) 
thrown [s\open\src\hotspot\share\interpreter\linkResolver.cpp, line 796]
Event: 3.271 Thread 0x00000213c03fc5f0 Exception <a 'java/lang/NoSuchMethodError'{0x00000007057974f8}: 'int java.lang.invoke.DirectMethodHandle$Holder.invokeSpecial(java.lang.Object, java.lang.Object, int)'> (0x00000007057974f8) 
thrown [s\open\src\hotspot\share\interpreter\linkResolver.cpp, line 796]
Event: 3.273 Thread 0x00000213c03fc5f0 Exception <a 'java/lang/NoSuchMethodError'{0x00000007057a6678}: 'void java.lang.invoke.DirectMethodHandle$Holder.invokeStatic(java.lang.Object, java.lang.Object, java.lang.Object, int, java.lang.Object)'> (0x00000007057a6678) 
thrown [s\open\src\hotspot\share\interpreter\linkResolver.cpp, line 796]
Event: 3.274 Thread 0x00000213c03fc5f0 Exception <a 'java/lang/NoSuchMethodError'{0x00000007057ad1a8}: 'java.lang.Object java.lang.invoke.DirectMethodHandle$Holder.newInvokeSpecial(java.lang.Object, java.lang.Object, java.lang.Object, int)'> (0x00000007057ad1a8) 
thrown [s\open\src\hotspot\share\interpreter\linkResolver.cpp, line 796]
Event: 3.275 Thread 0x00000213c03fc5f0 Exception <a 'java/lang/NoSuchMethodError'{0x00000007057b1060}: 'java.lang.Object java.lang.invoke.DirectMethodHandle$Holder.invokeSpecial(java.lang.Object, java.lang.Object, java.lang.Object, java.lang.Object, int)'> (0x00000007057b1060) 
thrown [s\open\src\hotspot\share\interpreter\linkResolver.cpp, line 796]
Event: 3.275 Thread 0x00000213c03fc5f0 Exception <a 'java/lang/NoSuchMethodError'{0x00000007057b4500}: 'java.lang.Object java.lang.invoke.Invokers$Holder.linkToTargetMethod(java.lang.Object, java.lang.Object, int, java.lang.Object)'> (0x00000007057b4500) 
thrown [s\open\src\hotspot\share\interpreter\linkResolver.cpp, line 796]
Event: 3.395 Thread 0x00000213c03fc5f0 Exception <a 'java/lang/NoSuchMethodError'{0x00000007053614a8}: 'java.lang.Object java.lang.invoke.DirectMethodHandle$Holder.invokeStaticInit(java.lang.Object, int, int, int, int)'> (0x00000007053614a8) 
thrown [s\open\src\hotspot\share\interpreter\linkResolver.cpp, line 796]
Event: 3.424 Thread 0x00000213c03fc5f0 Exception <a 'java/lang/NoSuchMethodError'{0x00000007053d7250}: 'java.lang.Object java.lang.invoke.DirectMethodHandle$Holder.invokeStaticInit(java.lang.Object, java.lang.Object, int, int, int, int)'> (0x00000007053d7250) 
thrown [s\open\src\hotspot\share\interpreter\linkResolver.cpp, line 796]
Event: 3.535 Thread 0x00000213c03fc5f0 Exception <a 'java/lang/NoSuchMethodError'{0x0000000704c10bc0}: 'int java.lang.invoke.DirectMethodHandle$Holder.invokeVirtual(java.lang.Object, java.lang.Object, java.lang.Object, java.lang.Object)'> (0x0000000704c10bc0) 
thrown [s\open\src\hotspot\share\interpreter\linkResolver.cpp, line 796]
Event: 3.536 Thread 0x00000213c03fc5f0 Exception <a 'java/lang/NoSuchMethodError'{0x0000000704c14458}: 'int java.lang.invoke.DelegatingMethodHandle$Holder.reinvoke_L(java.lang.Object, java.lang.Object, java.lang.Object, java.lang.Object)'> (0x0000000704c14458) 
thrown [s\open\src\hotspot\share\interpreter\linkResolver.cpp, line 796]
Event: 3.568 Thread 0x00000213c03fc5f0 Exception <a 'java/io/FileNotFoundException'{0x0000000704d1e430}> (0x0000000704d1e430) 
thrown [s\open\src\hotspot\share\prims\jni.cpp, line 520]
Event: 3.611 Thread 0x00000213c03fc5f0 Exception <a 'java/lang/NoSuchMethodError'{0x0000000704b05990}: 'int java.lang.invoke.DirectMethodHandle$Holder.invokeInterface(java.lang.Object, java.lang.Object, java.lang.Object, java.lang.Object)'> (0x0000000704b05990) 
thrown [s\open\src\hotspot\share\interpreter\linkResolver.cpp, line 796]
Event: 3.668 Thread 0x00000213c03fc5f0 Exception <a 'java/lang/NoSuchMethodError'{0x00000007136c2890}: 'long java.lang.invoke.DirectMethodHandle$Holder.invokeVirtual(java.lang.Object, java.lang.Object)'> (0x00000007136c2890) 
thrown [s\open\src\hotspot\share\interpreter\linkResolver.cpp, line 796]
Event: 3.732 Thread 0x00000213c03fc5f0 Exception <a 'java/io/FileNotFoundException'{0x00000007104b6e90}> (0x00000007104b6e90) 
thrown [s\open\src\hotspot\share\prims\jni.cpp, line 520]
Event: 3.733 Thread 0x00000213c03fc5f0 Exception <a 'java/io/FileNotFoundException'{0x00000007104c1238}> (0x00000007104c1238) 
thrown [s\open\src\hotspot\share\prims\jni.cpp, line 520]
Event: 3.928 Thread 0x00000213c03fc5f0 Exception <a 'java/lang/NoSuchMethodError'{0x00000007103f9ce8}: 'java.lang.Object java.lang.invoke.DirectMethodHandle$Holder.newInvokeSpecial(java.lang.Object, java.lang.Object, java.lang.Object, java.lang.Object, java.lang.Object, java.lang.Object, java.lang.Object, java.lang.Object)'> (0x00000007103f9ce8) 
thrown [s\open\src\hotspot\share\interpreter\linkResolver.cpp, line 796]

VM Operations (20 events):
Event: 3.527 Executing VM operation: HandshakeAllThreads (Deoptimize)
Event: 3.527 Executing VM operation: HandshakeAllThreads (Deoptimize) done
Event: 3.562 Executing VM operation: HandshakeAllThreads (Deoptimize)
Event: 3.562 Executing VM operation: HandshakeAllThreads (Deoptimize) done
Event: 3.591 Executing VM operation: HandshakeAllThreads (Deoptimize)
Event: 3.591 Executing VM operation: HandshakeAllThreads (Deoptimize) done
Event: 3.629 Executing VM operation: HandshakeAllThreads (Deoptimize)
Event: 3.629 Executing VM operation: HandshakeAllThreads (Deoptimize) done
Event: 3.630 Executing VM operation: HandshakeAllThreads (Deoptimize)
Event: 3.630 Executing VM operation: HandshakeAllThreads (Deoptimize) done
Event: 3.638 Executing VM operation: G1CollectForAllocation (G1 Evacuation Pause)
Event: 3.647 Executing VM operation: G1CollectForAllocation (G1 Evacuation Pause) done
Event: 3.678 Executing VM operation: HandshakeAllThreads (Deoptimize)
Event: 3.678 Executing VM operation: HandshakeAllThreads (Deoptimize) done
Event: 3.746 Executing VM operation: HandshakeAllThreads (Deoptimize)
Event: 3.746 Executing VM operation: HandshakeAllThreads (Deoptimize) done
Event: 4.011 Executing VM operation: HandshakeAllThreads (Deoptimize)
Event: 4.011 Executing VM operation: HandshakeAllThreads (Deoptimize) done
Event: 4.037 Executing VM operation: HandshakeAllThreads (Deoptimize)
Event: 4.037 Executing VM operation: HandshakeAllThreads (Deoptimize) done

Memory protections (0 events):
No events

Nmethod flushes (0 events):
No events

Events (20 events):
Event: 0.058 Thread 0x00000213c03fc5f0 Thread added: 0x00000214230233b0
Event: 0.058 Thread 0x00000213c03fc5f0 Thread added: 0x00000214230280a0
Event: 0.059 Thread 0x00000213c03fc5f0 Thread added: 0x000002142302bd60
Event: 0.059 Thread 0x00000213c03fc5f0 Thread added: 0x000002142302cc00
Event: 0.059 Thread 0x00000213c03fc5f0 Thread added: 0x00000214230302d0
Event: 0.059 Thread 0x00000213c03fc5f0 Thread added: 0x0000021423052940
Event: 0.059 Thread 0x00000213c03fc5f0 Thread added: 0x00000214230674b0
Event: 0.060 Thread 0x00000213c03fc5f0 Thread added: 0x00000214230714b0
Event: 0.170 Thread 0x00000213c03fc5f0 Thread added: 0x00000214231684b0
Event: 0.190 Thread 0x00000214230674b0 Thread added: 0x00000214231c0b50
Event: 0.308 Thread 0x00000213c03fc5f0 Thread added: 0x0000021423165d50
Event: 0.308 Thread 0x00000213c03fc5f0 Thread added: 0x0000021423166a70
Event: 1.309 Thread 0x00000213c03fc5f0 Thread added: 0x00000214231663e0
Event: 1.952 Thread 0x00000213c03fc5f0 Thread added: 0x0000021423165030
Event: 1.971 Thread 0x00000214230714b0 Thread added: 0x00000214288eb5d0
Event: 1.985 Thread 0x0000021423165030 Thread exited: 0x0000021423165030
Event: 2.034 Thread 0x00000214231663e0 Thread exited: 0x00000214231663e0
Event: 3.687 Thread 0x00000213c03fc5f0 Thread added: 0x00000214231656c0
Event: 3.688 Thread 0x00000214231656c0 Thread added: 0x00000214231663e0
Event: 3.696 Thread 0x00000213c03fc5f0 Thread added: 0x0000021423167100


Dynamic libraries:
0x00007ff680f70000 - 0x00007ff680f80000 	C:\Program Files\Java\jdk-23\bin\java.exe
0x00007ffb47b80000 - 0x00007ffb47de3000 	C:\WINDOWS\SYSTEM32\ntdll.dll
0x00007ffb46cd0000 - 0x00007ffb46d97000 	C:\WINDOWS\System32\KERNEL32.DLL
0x00007ffb44f00000 - 0x00007ffb452c9000 	C:\WINDOWS\System32\KERNELBASE.dll
0x00007ffb09060000 - 0x00007ffb090d1000 	C:\Program Files (x86)\K7 Computing\K7TSecurity\K7CrvrEx64.dll
0x00007ffb476f0000 - 0x00007ffb478ba000 	C:\WINDOWS\System32\USER32.dll
0x00007ffb44d80000 - 0x00007ffb44da7000 	C:\WINDOWS\System32\win32u.dll
0x00007ffb479d0000 - 0x00007ffb479fa000 	C:\WINDOWS\System32\GDI32.dll
0x00007ffb45860000 - 0x00007ffb45991000 	C:\WINDOWS\System32\gdi32full.dll
0x00007ffb45450000 - 0x00007ffb454f3000 	C:\WINDOWS\System32\msvcp_win.dll
0x00007ffb455a0000 - 0x00007ffb456ec000 	C:\WINDOWS\System32\ucrtbase.dll
0x00007ffb46c10000 - 0x00007ffb46cc2000 	C:\WINDOWS\System32\ADVAPI32.dll
0x00007ffb459a0000 - 0x00007ffb45a49000 	C:\WINDOWS\System32\msvcrt.dll
0x00007ffb46da0000 - 0x00007ffb46e46000 	C:\WINDOWS\System32\sechost.dll
0x00007ffb46e50000 - 0x00007ffb46f66000 	C:\WINDOWS\System32\RPCRT4.dll
0x00007ffb09000000 - 0x00007ffb0905c000 	C:\Program Files (x86)\K7 Computing\K7TSecurity\K7Crvr64.dll
0x00007ffb2ebe0000 - 0x00007ffb2ebfb000 	C:\Program Files\Java\jdk-23\bin\VCRUNTIME140.dll
0x00007ffb2ec00000 - 0x00007ffb2ec17000 	C:\Program Files\Java\jdk-23\bin\jli.dll
0x00007ffb2aed0000 - 0x00007ffb2b160000 	C:\WINDOWS\WinSxS\amd64_microsoft.windows.common-controls_6595b64144ccf1df_6.0.26100.3323_none_3e088096e3344490\COMCTL32.dll
0x00007ffb47b00000 - 0x00007ffb47b2f000 	C:\WINDOWS\System32\IMM32.DLL
0x00007ffb33080000 - 0x00007ffb3308c000 	C:\Program Files\Java\jdk-23\bin\vcruntime140_1.dll
0x00007ffb00470000 - 0x00007ffb004fe000 	C:\Program Files\Java\jdk-23\bin\msvcp140.dll
0x00007ffac7ca0000 - 0x00007ffac89f0000 	C:\Program Files\Java\jdk-23\bin\server\jvm.dll
0x00007ffb478d0000 - 0x00007ffb47944000 	C:\WINDOWS\System32\WS2_32.dll
0x00007ffb44c30000 - 0x00007ffb44c7e000 	C:\WINDOWS\SYSTEM32\POWRPROF.dll
0x00007ffb36800000 - 0x00007ffb36836000 	C:\WINDOWS\SYSTEM32\WINMM.dll
0x00007ffb3c6f0000 - 0x00007ffb3c6fb000 	C:\WINDOWS\SYSTEM32\VERSION.dll
0x00007ffb44bf0000 - 0x00007ffb44c04000 	C:\WINDOWS\SYSTEM32\UMPDC.dll
0x00007ffb43ae0000 - 0x00007ffb43afa000 	C:\WINDOWS\SYSTEM32\kernel.appcore.dll
0x00007ffb2e980000 - 0x00007ffb2e98a000 	C:\Program Files\Java\jdk-23\bin\jimage.dll
0x00007ffb424e0000 - 0x00007ffb42721000 	C:\WINDOWS\SYSTEM32\DBGHELP.DLL
0x00007ffb45e10000 - 0x00007ffb46192000 	C:\WINDOWS\System32\combase.dll
0x00007ffb46250000 - 0x00007ffb46326000 	C:\WINDOWS\System32\OLEAUT32.dll
0x00007ffb28820000 - 0x00007ffb28859000 	C:\WINDOWS\SYSTEM32\dbgcore.DLL
0x00007ffb45500000 - 0x00007ffb45599000 	C:\WINDOWS\System32\bcryptPrimitives.dll
0x00007ffb2e970000 - 0x00007ffb2e97f000 	C:\Program Files\Java\jdk-23\bin\instrument.dll
0x00007ffb2dec0000 - 0x00007ffb2dede000 	C:\Program Files\Java\jdk-23\bin\java.dll
0x00007ffb46a60000 - 0x00007ffb46bf5000 	C:\WINDOWS\System32\ole32.dll
0x00007ffb46fd0000 - 0x00007ffb476e5000 	C:\WINDOWS\System32\SHELL32.dll
0x00007ffb456f0000 - 0x00007ffb45858000 	C:\WINDOWS\System32\wintypes.dll
0x00007ffb42a40000 - 0x00007ffb43285000 	C:\WINDOWS\SYSTEM32\windows.storage.dll
0x00007ffb47a10000 - 0x00007ffb47afb000 	C:\WINDOWS\System32\SHCORE.dll
0x00007ffb469e0000 - 0x00007ffb46a3d000 	C:\WINDOWS\System32\shlwapi.dll
0x00007ffb44c90000 - 0x00007ffb44cbf000 	C:\WINDOWS\SYSTEM32\profapi.dll
0x00007ffaf2b50000 - 0x00007ffaf2c27000 	C:\Program Files\Java\jdk-23\bin\jsvml.dll
0x00007ffb1d590000 - 0x00007ffb1d5a7000 	C:\Program Files\Java\jdk-23\bin\zip.dll
0x00007ffb2e720000 - 0x00007ffb2e730000 	C:\Program Files\Java\jdk-23\bin\net.dll
0x00007ffb440c0000 - 0x00007ffb4412a000 	C:\WINDOWS\system32\mswsock.dll
0x00007ffb28600000 - 0x00007ffb28616000 	C:\Program Files\Java\jdk-23\bin\nio.dll
0x00007ffb18070000 - 0x00007ffb1808a000 	C:\Program Files\JetBrains\IntelliJ IDEA Community Edition 2024.3.3\bin\breakgen64.dll
0x00007ffb2e1f0000 - 0x00007ffb2e1f9000 	C:\Program Files\Java\jdk-23\bin\extnet.dll
0x00007ffb2c240000 - 0x00007ffb2c24e000 	C:\Program Files\Java\jdk-23\bin\sunmscapi.dll
0x00007ffb452d0000 - 0x00007ffb45447000 	C:\WINDOWS\System32\CRYPT32.dll
0x00007ffb44560000 - 0x00007ffb44590000 	C:\WINDOWS\SYSTEM32\ncrypt.dll
0x00007ffb44510000 - 0x00007ffb4454f000 	C:\WINDOWS\SYSTEM32\NTASN1.dll
0x00007ffb44360000 - 0x00007ffb4437c000 	C:\WINDOWS\SYSTEM32\CRYPTSP.dll
0x00007ffb43b00000 - 0x00007ffb43b3a000 	C:\WINDOWS\system32\rsaenh.dll
0x00007ffb44160000 - 0x00007ffb4418b000 	C:\WINDOWS\SYSTEM32\USERENV.dll
0x00007ffb445a0000 - 0x00007ffb445c6000 	C:\WINDOWS\SYSTEM32\bcrypt.dll
0x00007ffb44380000 - 0x00007ffb4438c000 	C:\WINDOWS\SYSTEM32\CRYPTBASE.dll
0x00007ffb43580000 - 0x00007ffb435b3000 	C:\WINDOWS\SYSTEM32\IPHLPAPI.DLL
0x00007ffb47a00000 - 0x00007ffb47a0a000 	C:\WINDOWS\System32\NSI.dll
0x00007ffb2b8e0000 - 0x00007ffb2b8ea000 	C:\Program Files\Java\jdk-23\bin\management.dll
0x00007ffb29c60000 - 0x00007ffb29c6b000 	C:\Program Files\Java\jdk-23\bin\management_ext.dll
0x00007ffb469d0000 - 0x00007ffb469d8000 	C:\WINDOWS\System32\PSAPI.DLL

dbghelp: loaded successfully - version: 4.0.5 - missing functions: none
symbol engine: initialized successfully - sym options: 0x614 - pdb path: .;C:\Program Files\Java\jdk-23\bin;C:\WINDOWS\SYSTEM32;C:\Program Files (x86)\K7 Computing\K7TSecurity;C:\WINDOWS\WinSxS\amd64_microsoft.windows.common-controls_6595b64144ccf1df_6.0.26100.3323_none_3e088096e3344490;C:\Program Files\Java\jdk-23\bin\server;C:\Program Files\JetBrains\IntelliJ IDEA Community Edition 2024.3.3\bin

VM Arguments:
jvm_args: -javaagent:C:\Program Files\JetBrains\IntelliJ IDEA Community Edition 2024.3.3\lib\idea_rt.jar=53101:C:\Program Files\JetBrains\IntelliJ IDEA Community Edition 2024.3.3\bin -Dfile.encoding=UTF-8 -Dsun.stdout.encoding=UTF-8 -Dsun.stderr.encoding=UTF-8 
java_command: com.programming.techie.notificationservice.NotificationServiceApplication
java_class_path (initial): D:\PROJECTS\notification-service\target\classes;C:\Users\Arun k s\.m2\repository\org\springframework\boot\spring-boot-starter-mail\3.4.5\spring-boot-starter-mail-3.4.5.jar;C:\Users\Arun k s\.m2\repository\org\springframework\boot\spring-boot-starter\3.4.5\spring-boot-starter-3.4.5.jar;C:\Users\Arun k s\.m2\repository\org\springframework\boot\spring-boot\3.4.5\spring-boot-3.4.5.jar;C:\Users\Arun k s\.m2\repository\org\springframework\boot\spring-boot-starter-logging\3.4.5\spring-boot-starter-logging-3.4.5.jar;C:\Users\Arun k s\.m2\repository\org\apache\logging\log4j\log4j-to-slf4j\2.24.3\log4j-to-slf4j-2.24.3.jar;C:\Users\Arun k s\.m2\repository\org\apache\logging\log4j\log4j-api\2.24.3\log4j-api-2.24.3.jar;C:\Users\Arun k s\.m2\repository\org\slf4j\jul-to-slf4j\2.0.17\jul-to-slf4j-2.0.17.jar;C:\Users\Arun k s\.m2\repository\jakarta\annotation\jakarta.annotation-api\2.1.1\jakarta.annotation-api-2.1.1.jar;C:\Users\Arun k s\.m2\repository\org\yaml\snakeyaml\2.3\snakeyaml-2.3.jar;C:\Users\Arun k s\.m2\repository\org\springframework\spring-context-support\6.2.6\spring-context-support-6.2.6.jar;C:\Users\Arun k s\.m2\repository\org\springframework\spring-beans\6.2.6\spring-beans-6.2.6.jar;C:\Users\Arun k s\.m2\repository\org\eclipse\angus\jakarta.mail\2.0.3\jakarta.mail-2.0.3.jar;C:\Users\Arun k s\.m2\repository\jakarta\activation\jakarta.activation-api\2.1.3\jakarta.activation-api-2.1.3.jar;C:\Users\Arun k s\.m2\repository\org\eclipse\angus\angus-activation\2.0.2\angus-activation-2.0.2.jar;C:\Users\Arun k s\.m2\repository\org\springframework\kafka\spring-kafka\3.3.5\spring-kafka-3.3.5.jar;C:\Users\Arun k s\.m2\repository\org\springframework\spring-context\6.2.6\spring-context-6.2.6.jar;C:\Users\Arun k s\.m2\repository\org\springframework\spring-aop\6.2.6\spring-aop-6.2.6.jar;C:\Users\Arun k s\.m2\repository\org\springframework\spring-expression\6.2.6\spring-expression-6.2.6.jar;C:\Users\Arun k s\.m2\repository\org\springframework\spring-messaging\6.2.6\spring-messaging-6.2.6.jar;C:\Users\Arun k s\.m2\repository\org\springframework\spring-tx\6.2.6\spring-tx-6.2.6.jar;C:\Users\Arun k s\.m2\repository\org\springframework\retry\spring-retry\2.0.11\spring-retry-2.0.11.jar;C:\Users\Arun k s\.m2\repository\org\apache\kafka\kafka-clients\3.8.1\kafka-clients-3.8.1.jar;C:\Users\Arun k s\.m2\repository\com\github\luben\zstd-jni\1.5.6-4\zstd-jni-1.5.6-4.jar;C:\Users\Arun k s\.m2\repository\org\lz4\lz4-java\1.8.0\lz4-java-1.8.0.jar;C:\Users\Arun k s\.m2\repository\org\xerial\snappy\snappy-java\1.1.10.5\snappy-java-1.1.10.5.jar;C:\Users\Arun k s\.m2\repository\org\slf4j\slf4j-api\2.0.17\slf4j-api-2.0.17.jar;C:\Users\Arun k s\.m2\repository\io\micrometer\micrometer-observation\1.14.6\micrometer-observation-1.14.6.jar;C:\Users\Arun k s\.m2\repository\io\micrometer\micrometer-commons\1.14.6\micrometer-commons-1.14.6.jar;C:\Users\Arun k s\.m2\repository\org\springframework\boot\spring-boot-starter-web\3.4.5\spring-boot-starter-web-3.4.5.jar;C:\Users\Arun k s\.m2\repository\org\springframework\boot\spring-boot-starter-json\3.4.5\spring-boot-starter-json-3.4.5.jar;C:\Users\Arun k s\.m2\repository\com\fasterxml\jackson\core\jackson-databind\2.18.3\jackson-databind-2.18.3.jar;C:\Users\Arun k s\.m2\repository\com\fasterxml\jackson\core\jackson-annotations\2.18.3\jackson-annotations-2.18.3.jar;C:\Users\Arun k s\.m2\repository\com\fasterxml\jackson\core\jackson-core\2.18.3\jackson-core-2.18.3.jar;C:\Users\Arun k s\.m2\repository\com\fasterxml\jackson\datatype\jackson-datatype-jdk8\2.18.3\jackson-datatype-jdk8-2.18.3.jar;C:\Users\Arun k s\.m2\repository\com\fasterxml\jackson\datatype\jackson-datatype-jsr310\2.18.3\jackson-datatype-jsr310-2.18.3.jar;C:\Users\Arun k s\.m2\repository\com\fasterxml\jackson\module\jackson-module-parameter-names\2.18.3\jackson-module-parameter-names-2.18.3.jar;C:\Users\Arun k s\.m2\repository\org\springframework\boot\spring-boot-starter-tomcat\3.4.5\spring-boot-starter-tomcat-3.4.5.jar;C:\Users\Arun k s\.m2\repository\org\apache\tomcat\embed\tomcat-embed-core\10.1.40\tomcat-embed-core-10.1.40.jar;C:\Users\Arun k s\.m2\repository\org\apache\tomcat\embed\tomcat-embed-el\10.1.40\tomcat-embed-el-10.1.40.jar;C:\Users\Arun k s\.m2\repository\org\apache\tomcat\embed\tomcat-embed-websocket\10.1.40\tomcat-embed-websocket-10.1.40.jar;C:\Users\Arun k s\.m2\repository\org\springframework\spring-web\6.2.6\spring-web-6.2.6.jar;C:\Users\Arun k s\.m2\repository\org\springframework\spring-webmvc\6.2.6\spring-webmvc-6.2.6.jar;C:\Users\Arun k s\.m2\repository\org\springframework\spring-core\6.2.6\spring-core-6.2.6.jar;C:\Users\Arun k s\.m2\repository\org\springframework\spring-jcl\6.2.6\spring-jcl-6.2.6.jar;C:\Users\Arun k s\.m2\repository\org\springframework\boot\spring-boot-autoconfigure\3.4.5\spring-boot-autoconfigure-3.4.5.jar;C:\Users\Arun k s\.m2\repository\ch\qos\logback\logback-core\1.5.18\logback-core-1.5.18.jar;C:\Users\Arun k s\.m2\repository\ch\qos\logback\logback-classic\1.5.18\logback-classic-1.5.18.jar
Launcher Type: SUN_STANDARD

[Global flags]
     intx CICompilerCount                          = 4                                         {product} {ergonomic}
     uint ConcGCThreads                            = 2                                         {product} {ergonomic}
     uint G1ConcRefinementThreads                  = 8                                         {product} {ergonomic}
   size_t G1HeapRegionSize                         = 2097152                                   {product} {ergonomic}
   size_t InitialHeapSize                          = 266338304                                 {product} {ergonomic}
   size_t MarkStackSize                            = 4194304                                   {product} {ergonomic}
   size_t MarkStackSizeMax                         = 536870912                                 {product} {ergonomic}
   size_t MaxHeapSize                              = 4234149888                                {product} {ergonomic}
   size_t MaxNewSize                               = 2539651072                                {product} {ergonomic}
   size_t MinHeapDeltaBytes                        = 2097152                                   {product} {ergonomic}
   size_t MinHeapSize                              = 8388608                                   {product} {ergonomic}
    uintx NonNMethodCodeHeapSize                   = 5832704                                {pd product} {ergonomic}
    uintx NonProfiledCodeHeapSize                  = 122945536                              {pd product} {ergonomic}
    uintx ProfiledCodeHeapSize                     = 122880000                              {pd product} {ergonomic}
    uintx ReservedCodeCacheSize                    = 251658240                              {pd product} {ergonomic}
     bool SegmentedCodeCache                       = true                                      {product} {ergonomic}
   size_t SoftMaxHeapSize                          = 4234149888                             {manageable} {ergonomic}
     bool UseCompressedOops                        = true                           {product lp64_product} {ergonomic}
     bool UseG1GC                                  = true                                      {product} {ergonomic}
     bool UseLargePagesIndividualAllocation        = false                                  {pd product} {ergonomic}

Logging:
Log output configuration:
 #0: stdout all=warning uptime,level,tags foldmultilines=false
 #1: stderr all=off uptime,level,tags foldmultilines=false

Environment Variables:
PATH=C:\Program Files\Common Files\Oracle\Java\javapath;C:\oraclexe\app\oracle\product\11.2.0\server\bin;C:\Program Files (x86)\Common Files\Oracle\Java\javapath;C:\ProgramData\Oracle\Java\javapath;C:\Windows\system32;C:\Windows;C:\Windows\System32\Wbem;C:\Windows\System32\WindowsPowerShell\v1.0\;C:\Windows\System32\OpenSSH\;C:\Program Files\NVIDIA Corporation\NVIDIA NvDLISR;C:\Program Files (x86)\NVIDIA Corporation\PhysX\Common;C:\WINDOWS\system32;C:\WINDOWS;C:\WINDOWS\System32\Wbem;C:\WINDOWS\System32\WindowsPowerShell\v1.0\;C:\WINDOWS\System32\OpenSSH\;C:\Program Files\Git\cmd;C:\Program Files\dotnet\;C:\Program Files\Docker\Docker\resources\bin;C:\Program Files\MongoDB\Server\8.0\bin;C:\Program Files\nodejs\;C:\Program Files\MySQL\MySQL Shell 8.0\bin\;C:\Users\Arun k s\AppData\Local\Programs\Python\Python39\Scripts\;C:\Users\Arun k s\AppData\Local\Programs\Python\Python39\;C:\Users\Arun k s\AppData\Local\Microsoft\WindowsApps;C:\Users\Arun k s\Documents\Intelij\IntelliJ IDEA Community Edition 2021.1.2\bin;C:\Users\Arun k s\AppData\Local\Programs\Microsoft VS Code\bin;C:\Users\Arun k s\AppData\Local\Microsoft\WindowsApps;C:\Users\Arun k s\AppData\Local\GitHubDesktop\bin;C:\Program Files\JetBrains\IntelliJ IDEA Community Edition 2024.3.3\bin;;C:\Program Files\MongoDB\Server\8.0\bin;C:\Users\Arun k s\AppData\Roaming\npm
USERNAME=Arun k s
OS=Windows_NT
PROCESSOR_IDENTIFIER=Intel64 Family 6 Model 126 Stepping 5, GenuineIntel
TMP=C:\Users\Arun k s\AppData\Local\Temp
TEMP=C:\Users\Arun k s\AppData\Local\Temp




Periodic native trim disabled

---------------  S Y S T E M  ---------------

OS:
 Windows 11 , 64 bit Build 26100 (10.0.26100.3323)
OS uptime: 4 days 2:24 hours
Hyper-V role detected

CPU: total 8 (initial active 8) (4 cores per cpu, 2 threads per core) family 6 model 126 stepping 5 microcode 0xc2, cx8, cmov, fxsr, ht, mmx, 3dnowpref, sse, sse2, sse3, ssse3, sse4.1, sse4.2, popcnt, lzcnt, tsc, tscinvbit, avx, avx2, aes, erms, clmul, bmi1, bmi2, adx, avx512f, avx512dq, avx512cd, avx512bw, avx512vl, sha, fma, vzeroupper, avx512_vpopcntdq, avx512_vpclmulqdq, avx512_vaes, avx512_vnni, clflush, clflushopt, avx512_vbmi2, avx512_vbmi, hv, rdtscp, rdpid, fsrm, gfni, avx512_bitalg, f16c, avx512_ifma
Processor Information for the first 8 processors :
  Max Mhz: 1190, Current Mhz: 991, Mhz Limit: 987

Memory: 4k page, system-wide physical 16151M (2563M free)
TotalPageFile size 29463M (AvailPageFile size 8363M)
current process WorkingSet (physical memory assigned to process): 180M, peak: 190M
current process commit charge ("private bytes"): 218M, peak: 415M

vm_info: Java HotSpot(TM) 64-Bit Server VM (23.0.2+7-58) for windows-amd64 JRE (23.0.2+7-58), built on 2024-11-29T09:34:55Z with MS VC++ 17.6 (VS2022)

END.
