#
# A fatal error has been detected by the Java Runtime Environment:
#
#  EXCEPTION_ACCESS_VIOLATION (0xc0000005) at pc=0x00007ffac8058c5c, pid=3900, tid=20092
#
# JRE version: Java(TM) SE Runtime Environment (23.0.2+7) (build 23.0.2+7-58)
# Java VM: Java HotSpot(TM) 64-Bit Server VM (23.0.2+7-58, mixed mode, sharing, tiered, compressed oops, compressed class ptrs, g1 gc, windows-amd64)
# Problematic frame:
# V  [jvm.dll+0x3b8c5c]
#
# No core dump will be written. Minidumps are not enabled by default on client versions of Windows
#
# If you would like to submit a bug report, please visit:
#   https://bugreport.java.com/bugreport/crash.jsp
#

---------------  S U M M A R Y ------------

Command Line: -javaagent:C:\Program Files\JetBrains\IntelliJ IDEA Community Edition 2024.3.3\lib\idea_rt.jar=52194:C:\Program Files\JetBrains\IntelliJ IDEA Community Edition 2024.3.3\bin -Dfile.encoding=UTF-8 -Dsun.stdout.encoding=UTF-8 -Dsun.stderr.encoding=UTF-8 com.programming.techie.orderservice.OrderServiceApplication

Host: Intel(R) Core(TM) i5-1035G1 CPU @ 1.00GHz, 8 cores, 15G,  Windows 11 , 64 bit Build 26100 (10.0.26100.3323)
Time: Sat May 17 16:17:55 2025 India Standard Time elapsed time: 20.523878 seconds (0d 0h 0m 20s)

---------------  T H R E A D  ---------------

Current thread (0x0000015a6f326e40):  JavaThread "C2 CompilerThread2" daemon [_thread_in_native, id=20092, stack(0x0000002df4800000,0x0000002df4900000) (1024K)]


Current CompileTask:
C2:20524 8353       4       org.springframework.core.ResolvableType::hasGenerics (14 bytes)

Stack: [0x0000002df4800000,0x0000002df4900000],  sp=0x0000002df48fcb30,  free space=1010k
Native frames: (J=compiled Java code, j=interpreted, Vv=VM code, C=native code)
V  [jvm.dll+0x3b8c5c]  (no source info available)
V  [jvm.dll+0x3b24bc]  (no source info available)
V  [jvm.dll+0x1dc181]  (no source info available)
V  [jvm.dll+0x244ce5]  (no source info available)
V  [jvm.dll+0x243eff]  (no source info available)
V  [jvm.dll+0x1c34b0]  (no source info available)
V  [jvm.dll+0x253df1]  (no source info available)
V  [jvm.dll+0x2520aa]  (no source info available)
V  [jvm.dll+0x3ee226]  (no source info available)
V  [jvm.dll+0x8254cb]  (no source info available)
V  [jvm.dll+0x6df345]  (no source info available)
C  [ucrtbase.dll+0x37b0]  (no source info available)
C  [KERNEL32.DLL+0x2e8d7]  (no source info available)
C  [ntdll.dll+0xbbf6c]  (no source info available)


siginfo: EXCEPTION_ACCESS_VIOLATION (0xc0000005), reading address 0x00007ffec88ec698


Registers:
RAX=0x0000015a719656e0, RBX=0x0000002df48fcc60, RCX=0x0000015a71965740, RDX=0x0000000000000070
RSP=0x0000002df48fcb30, RBP=0x00007ffec88ec698, RSI=0x0000002df48fe6e0, RDI=0x000000000000000e
R8 =0x0000000000000008, R9 =0x0000000000000000, R10=0x0000015a70796e00, R11=0x0000000000000000
R12=0x0000015a6d6ca568, R13=0x0000000000000020, R14=0x0000000000000070, R15=0x0000015a6f0c21e0
RIP=0x00007ffac8058c5c, EFLAGS=0x0000000000010202


Register to memory mapping:

RAX=0x0000015a719656e0 points into unknown readable memory: 0x0000015a6c8c50c0 | c0 50 8c 6c 5a 01 00 00
RBX=0x0000002df48fcc60 is pointing into the stack for thread: 0x0000015a6f326e40
RCX=0x0000015a71965740 points into unknown readable memory: 0x0000000000000000 | 00 00 00 00 00 00 00 00
RDX=0x0000000000000070 is an unknown value
RSP=0x0000002df48fcb30 is pointing into the stack for thread: 0x0000015a6f326e40
RBP=0x00007ffec88ec698 is an unknown value
RSI=0x0000002df48fe6e0 is pointing into the stack for thread: 0x0000015a6f326e40
RDI=0x000000000000000e is an unknown value
R8 =0x0000000000000008 is an unknown value
R9 =0x0 is null
R10=0x0000015a70796e00 points into unknown readable memory: 0x0000015a728ab8c8 | c8 b8 8a 72 5a 01 00 00
R11=0x0 is null
R12=0x0000015a6d6ca568 points into unknown readable memory: 0x0000015a727d75c0 | c0 75 7d 72 5a 01 00 00
R13=0x0000000000000020 is an unknown value
R14=0x0000000000000070 is an unknown value
R15=0x0000015a6f0c21e0 points into unknown readable memory: 0x0000000300000022 | 22 00 00 00 03 00 00 00

Top of Stack: (sp=0x0000002df48fcb30)
0x0000002df48fcb30:   0000000000000000 000000010000022a
0x0000002df48fcb40:   0000000400000003 00007ffac805401e
0x0000002df48fcb50:   0000015a70795a20 0000000000000000
0x0000002df48fcb60:   0000015a70793620 0000000000000019
0x0000002df48fcb70:   0000002df48fd230 00007ffac80524bc
0x0000002df48fcb80:   0000002df48fcc80 0000000000000000
0x0000002df48fcb90:   0000000000000000 000000000000cc30
0x0000002df48fcba0:   0000002df48fcbd0 0000000000000006
0x0000002df48fcbb0:   ffffffff00000000 0000015a70796e00
0x0000002df48fcbc0:   0000000000000004 0000015a70795a20
0x0000002df48fcbd0:   0000000500000000 0000001c00000000
0x0000002df48fcbe0:   00007ffa00000000 0000000500000019
0x0000002df48fcbf0:   0000000d00000019 00007ffb00000000
0x0000002df48fcc00:   000000430000017a 0000015a000002ee
0x0000002df48fcc10:   0000000000000000 0000000000000000
0x0000002df48fcc20:   000000010000031d 0000000400000004
0x0000002df48fcc30:   0000015a71964720 0000002df48fcc70
0x0000002df48fcc40:   0000002df48fcc60 0000015a70796e4c
0x0000002df48fcc50:   0000015a70796e54 00000000000006e2
0x0000002df48fcc60:   0000000300000022 0000002df48fcc70
0x0000002df48fcc70:   0000015a6c8c5ce0 0000015a719651c0
0x0000002df48fcc80:   0000015a71964d20 00007ffac88ec698
0x0000002df48fcc90:   00007ffac88ec698 00007ffac88ec698
0x0000002df48fcca0:   00007ffac88ec698 00007ffac88ec698
0x0000002df48fccb0:   00007ffac88ec698 00007ffac88ec698
0x0000002df48fccc0:   00007ffac88ec698 00007ffac88ec698
0x0000002df48fccd0:   00007ffac88ec698 00007ffac88ec698
0x0000002df48fcce0:   00007ffac88ec698 00007ffac88ec698
0x0000002df48fccf0:   0000015a00000010 0000015a6fc6ce90
0x0000002df48fcd00:   0000015a707f0000 0000000000000000
0x0000002df48fcd10:   0000015a7285dd90 0000015a6fc6ce00
0x0000002df48fcd20:   0000015a706417d0 00007ffac86ab3d8 

Instructions: (pc=0x00007ffac8058c5c)
0x00007ffac8058b5c:   8b 93 90 00 00 00 b8 20 00 00 00 44 8b e8 48 c1
0x00007ffac8058b6c:   e2 03 48 8b 04 07 48 8b 88 70 06 00 00 48 8b 81
0x00007ffac8058b7c:   80 00 00 00 4c 8b 88 d8 08 00 00 49 8b 49 18 49
0x00007ffac8058b8c:   8b 41 20 48 2b c1 48 3b c2 72 0a 48 8d 04 11 49
0x00007ffac8058b9c:   89 41 18 eb 0e 45 33 c0 49 8b c9 e8 24 36 d0 ff
0x00007ffac8058bac:   48 8b c8 ba 70 00 00 00 33 ff 48 89 4b 08 39 bb
0x00007ffac8058bbc:   90 00 00 00 0f 86 d6 00 00 00 65 48 8b 04 25 58
0x00007ffac8058bcc:   00 00 00 48 8d 0d c2 3a 89 00 48 89 6c 24 50 4c
0x00007ffac8058bdc:   89 64 24 58 4c 89 74 24 60 4c 8d 24 f0 0f 1f 80
0x00007ffac8058bec:   00 00 00 00 49 8b 47 08 4c 8d 34 fd 00 00 00 00
0x00007ffac8058bfc:   49 8b 2c 06 48 3b e9 75 0a 48 8b 43 08 49 89 0c
0x00007ffac8058c0c:   06 eb 6b 49 8b 34 24 80 3c 16 00 75 05 e8 5a 49
0x00007ffac8058c1c:   56 00 4a 8b 04 2e 48 8b 88 70 06 00 00 48 8b b1
0x00007ffac8058c2c:   80 00 00 00 48 8b 8e e0 08 00 00 48 85 c9 75 0c
0x00007ffac8058c3c:   e8 2f 09 00 00 48 8b 8e e0 08 00 00 48 8b 01 0f
0x00007ffac8058c4c:   57 c0 48 89 86 e0 08 00 00 0f 11 01 0f 11 41 10
0x00007ffac8058c5c:   0f 10 45 00 0f 11 01 0f 10 4d 10 0f 11 49 10 48
0x00007ffac8058c6c:   8b 43 08 49 89 0c 06 48 8d 0d 1e 3a 89 00 ff c7
0x00007ffac8058c7c:   ba 70 00 00 00 3b bb 90 00 00 00 0f 82 63 ff ff
0x00007ffac8058c8c:   ff 4c 8b 74 24 60 4c 8b 64 24 58 48 8b 6c 24 50
0x00007ffac8058c9c:   48 8b c3 48 83 c4 20 41 5f 41 5d 5f 5e 5b c3 cc
0x00007ffac8058cac:   cc cc cc cc 48 89 74 24 18 57 48 83 ec 20 8b 51
0x00007ffac8058cbc:   0c 48 8b f9 83 fa 04 73 29 48 8b 49 18 0f 1f 80
0x00007ffac8058ccc:   00 00 00 00 8b c2 44 8d 4a 01 48 83 3c c1 00 4c
0x00007ffac8058cdc:   8d 14 c1 0f 85 91 00 00 00 41 8b d1 41 83 f9 04
0x00007ffac8058cec:   72 e2 48 89 5c 24 30 8b 5f 10 48 89 6c 24 38 3b
0x00007ffac8058cfc:   5f 14 73 5f 48 8d 2d 91 39 89 00 66 0f 1f 84 00
0x00007ffac8058d0c:   00 00 00 00 48 8b 47 20 8b cb 48 8b 14 c8 48 3b
0x00007ffac8058d1c:   d5 74 39 33 c0 48 89 57 18 33 c9 66 0f 1f 84 00
0x00007ffac8058d2c:   00 00 00 00 48 83 3c 11 00 44 8d 48 01 75 78 48
0x00007ffac8058d3c:   83 c1 08 41 8b c1 41 83 f9 04 72 e8 48 8b 4f 28
0x00007ffac8058d4c:   48 85 c9 74 07 8b d3 e8 58 01 00 00 ff c3 3b 5f 


Stack slot to memory mapping:

stack at sp + 0 slots: 0x0 is null
stack at sp + 1 slots: 0x000000010000022a is an unknown value
stack at sp + 2 slots: 0x0000000400000003 is an unknown value
stack at sp + 3 slots: 0x00007ffac805401e jvm.dll
stack at sp + 4 slots: 0x0000015a70795a20 points into unknown readable memory: 0x00007ffac86611c0 | c0 11 66 c8 fa 7f 00 00
stack at sp + 5 slots: 0x0 is null
stack at sp + 6 slots: 0x0000015a70793620 points into unknown readable memory: 0x00007ffac8618498 | 98 84 61 c8 fa 7f 00 00
stack at sp + 7 slots: 0x0000000000000019 is an unknown value

Lock stack of current Java thread (top to bottom):


---------------  P R O C E S S  ---------------

Threads class SMR info:
_java_thread_list=0x0000015a6e952870, length=20, elements={
0x0000015a075e18b0, 0x0000015a241d4a50, 0x0000015a241d87c0, 0x0000015a241dbf20,
0x0000015a241dcdc0, 0x0000015a241ded50, 0x0000015a241e19e0, 0x0000015a24200c20,
0x0000015a24208640, 0x0000015a26bf81d0, 0x0000015a26e9da00, 0x0000015a26e9e070,
0x0000015a6c083ce0, 0x0000015a6c084a00, 0x0000015a6f3bcb70, 0x0000015a6f3bc4e0,
0x0000015a6f3bbe50, 0x0000015a24208d10, 0x0000015a6f326e40, 0x0000015a6f3bec40
}

Java Threads: ( => current thread )
  0x0000015a075e18b0 JavaThread "main"                              [_thread_in_vm, id=8264, stack(0x0000002df2c00000,0x0000002df2d00000) (1024K)]
  0x0000015a241d4a50 JavaThread "Reference Handler"          daemon [_thread_blocked, id=13560, stack(0x0000002df3400000,0x0000002df3500000) (1024K)]
  0x0000015a241d87c0 JavaThread "Finalizer"                  daemon [_thread_blocked, id=15812, stack(0x0000002df3500000,0x0000002df3600000) (1024K)]
  0x0000015a241dbf20 JavaThread "Signal Dispatcher"          daemon [_thread_blocked, id=5912, stack(0x0000002df3600000,0x0000002df3700000) (1024K)]
  0x0000015a241dcdc0 JavaThread "Attach Listener"            daemon [_thread_blocked, id=19716, stack(0x0000002df3700000,0x0000002df3800000) (1024K)]
  0x0000015a241ded50 JavaThread "Service Thread"             daemon [_thread_blocked, id=18216, stack(0x0000002df3800000,0x0000002df3900000) (1024K)]
  0x0000015a241e19e0 JavaThread "Monitor Deflation Thread"   daemon [_thread_blocked, id=14904, stack(0x0000002df3900000,0x0000002df3a00000) (1024K)]
  0x0000015a24200c20 JavaThread "C2 CompilerThread0"         daemon [_thread_in_native, id=20168, stack(0x0000002df3a00000,0x0000002df3b00000) (1024K)]
  0x0000015a24208640 JavaThread "C1 CompilerThread0"         daemon [_thread_blocked, id=17464, stack(0x0000002df3b00000,0x0000002df3c00000) (1024K)]
  0x0000015a26bf81d0 JavaThread "Common-Cleaner"             daemon [_thread_blocked, id=9864, stack(0x0000002df3c00000,0x0000002df3d00000) (1024K)]
  0x0000015a26e9da00 JavaThread "Monitor Ctrl-Break"         daemon [_thread_in_native, id=17152, stack(0x0000002df3e00000,0x0000002df3f00000) (1024K)]
  0x0000015a26e9e070 JavaThread "Notification Thread"        daemon [_thread_blocked, id=5096, stack(0x0000002df3f00000,0x0000002df4000000) (1024K)]
  0x0000015a6c083ce0 JavaThread "Catalina-utility-1"                [_thread_blocked, id=19128, stack(0x0000002df4000000,0x0000002df4100000) (1024K)]
  0x0000015a6c084a00 JavaThread "Catalina-utility-2"                [_thread_blocked, id=10208, stack(0x0000002df4a00000,0x0000002df4b00000) (1024K)]
  0x0000015a6f3bcb70 JavaThread "container-0"                       [_thread_blocked, id=20088, stack(0x0000002df4b00000,0x0000002df4c00000) (1024K)]
  0x0000015a6f3bc4e0 JavaThread "mysql-cj-abandoned-connection-cleanup" daemon [_thread_blocked, id=19824, stack(0x0000002df4c00000,0x0000002df4d00000) (1024K)]
  0x0000015a6f3bbe50 JavaThread "HikariPool-1 housekeeper"   daemon [_thread_blocked, id=19116, stack(0x0000002df4e00000,0x0000002df4f00000) (1024K)]
  0x0000015a24208d10 JavaThread "C2 CompilerThread1"         daemon [_thread_in_native, id=10336, stack(0x0000002df3d00000,0x0000002df3e00000) (1024K)]
=>0x0000015a6f326e40 JavaThread "C2 CompilerThread2"         daemon [_thread_in_native, id=20092, stack(0x0000002df4800000,0x0000002df4900000) (1024K)]
  0x0000015a6f3bec40 JavaThread "HttpClient-1-SelectorManager" daemon [_thread_in_native, id=5504, stack(0x0000002df5000000,0x0000002df5100000) (1024K)]
Total: 20

Other Threads:
  0x0000015a241ba410 VMThread "VM Thread"                           [id=19196, stack(0x0000002df3300000,0x0000002df3400000) (1024K)]
  0x0000015a075d5a90 WatcherThread "VM Periodic Task Thread"        [id=5820, stack(0x0000002df3200000,0x0000002df3300000) (1024K)]
  0x0000015a076486e0 WorkerThread "GC Thread#0"                     [id=19912, stack(0x0000002df2d00000,0x0000002df2e00000) (1024K)]
  0x0000015a6c8e1b20 WorkerThread "GC Thread#1"                     [id=7244, stack(0x0000002df4100000,0x0000002df4200000) (1024K)]
  0x0000015a6c8e1ed0 WorkerThread "GC Thread#2"                     [id=8920, stack(0x0000002df4200000,0x0000002df4300000) (1024K)]
  0x0000015a6c79e800 WorkerThread "GC Thread#3"                     [id=11092, stack(0x0000002df4300000,0x0000002df4400000) (1024K)]
  0x0000015a6c7f8850 WorkerThread "GC Thread#4"                     [id=7188, stack(0x0000002df4400000,0x0000002df4500000) (1024K)]
  0x0000015a6c666490 WorkerThread "GC Thread#5"                     [id=15604, stack(0x0000002df4500000,0x0000002df4600000) (1024K)]
  0x0000015a6cf94970 WorkerThread "GC Thread#6"                     [id=4712, stack(0x0000002df4600000,0x0000002df4700000) (1024K)]
  0x0000015a6cf94d20 WorkerThread "GC Thread#7"                     [id=7668, stack(0x0000002df4700000,0x0000002df4800000) (1024K)]
  0x0000015a07655800 ConcurrentGCThread "G1 Main Marker"            [id=10248, stack(0x0000002df2e00000,0x0000002df2f00000) (1024K)]
  0x0000015a07656770 WorkerThread "G1 Conc#0"                       [id=2344, stack(0x0000002df2f00000,0x0000002df3000000) (1024K)]
  0x0000015a6cdeb2b0 WorkerThread "G1 Conc#1"                       [id=15888, stack(0x0000002df4900000,0x0000002df4a00000) (1024K)]
  0x0000015a240fbfb0 ConcurrentGCThread "G1 Refine#0"               [id=7068, stack(0x0000002df3000000,0x0000002df3100000) (1024K)]
  0x0000015a050e4a70 ConcurrentGCThread "G1 Service"                [id=1956, stack(0x0000002df3100000,0x0000002df3200000) (1024K)]
Total: 15

Threads with active compile tasks:
C2 CompilerThread0  21008 8619       4       org.aspectj.apache.bcel.classfile.Utility::compactClassName (49 bytes)
C2 CompilerThread1  21008 8597       4       org.springframework.aop.support.AopUtils::canApply (210 bytes)
C2 CompilerThread2  21008 8353       4       org.springframework.core.ResolvableType::hasGenerics (14 bytes)
Total: 3

VM state: not at safepoint (normal execution)

VM Mutex/Monitor currently owned by a thread: None

Heap address: 0x0000000703a00000, size: 4038 MB, Compressed Oops mode: Zero based, Oop shift amount: 3

CDS archive(s) mapped at: [0x0000015a27000000-0x0000015a27d70000-0x0000015a27d70000), size 14090240, SharedBaseAddress: 0x0000015a27000000, ArchiveRelocationMode: 1.
Compressed class space mapped at: 0x0000015a28000000-0x0000015a68000000, reserved size: 1073741824
Narrow klass base: 0x0000015a27000000, Narrow klass shift: 0, Narrow klass range: 0x41000000

GC Precious Log:
 CardTable entry size: 512
 Card Set container configuration: InlinePtr #cards 4 size 8 Array Of Cards #cards 16 size 48 Howl #buckets 8 coarsen threshold 3686 Howl Bitmap #cards 512 size 80 coarsen threshold 460 Card regions per heap region 1 cards per card region 4096
 CPUs: 8 total, 8 available
 Memory: 16151M
 Large Page Support: Disabled
 NUMA Support: Disabled
 Compressed Oops: Enabled (Zero based)
 Heap Region Size: 2M
 Heap Min Capacity: 8M
 Heap Initial Capacity: 254M
 Heap Max Capacity: 4038M
 Pre-touch: Disabled
 Parallel Workers: 8
 Concurrent Workers: 2
 Concurrent Refinement Workers: 8
 Periodic GC: Disabled

Heap:
 garbage-first heap   total reserved 4134912K, committed 92160K, used 55027K [0x0000000703a00000, 0x0000000800000000)
  region size 2048K, 4 young (8192K), 2 survivors (4096K)
 Metaspace       used 79821K, committed 80704K, reserved 1179648K
  class space    used 10875K, committed 11264K, reserved 1048576K

Heap Regions: E=young(eden), S=young(survivor), O=old, HS=humongous(starts), HC=humongous(continues), CS=collection set, F=free, TAMS=top-at-mark-start, PB=parsable bottom
|   0|0x0000000703a00000, 0x0000000703c00000, 0x0000000703c00000|100%| O|  |TAMS 0x0000000703a00000| PB 0x0000000703a00000| Untracked |  0
|   1|0x0000000703c00000, 0x0000000703e00000, 0x0000000703e00000|100%| O|  |TAMS 0x0000000703c00000| PB 0x0000000703c00000| Untracked |  0
|   2|0x0000000703e00000, 0x0000000704000000, 0x0000000704000000|100%| O|  |TAMS 0x0000000703e00000| PB 0x0000000703e00000| Untracked |  0
|   3|0x0000000704000000, 0x0000000704200000, 0x0000000704200000|100%| O|  |TAMS 0x0000000704000000| PB 0x0000000704000000| Untracked |  0
|   4|0x0000000704200000, 0x0000000704400000, 0x0000000704400000|100%| O|Cm|TAMS 0x0000000704200000| PB 0x0000000704200000| Complete |  0
|   5|0x0000000704400000, 0x0000000704600000, 0x0000000704600000|100%| O|  |TAMS 0x0000000704400000| PB 0x0000000704400000| Untracked |  0
|   6|0x0000000704600000, 0x0000000704800000, 0x0000000704800000|100%| O|  |TAMS 0x0000000704600000| PB 0x0000000704600000| Untracked |  0
|   7|0x0000000704800000, 0x0000000704a00000, 0x0000000704a00000|100%| O|  |TAMS 0x0000000704800000| PB 0x0000000704800000| Untracked |  0
|   8|0x0000000704a00000, 0x0000000704c00000, 0x0000000704c00000|100%| O|  |TAMS 0x0000000704a00000| PB 0x0000000704a00000| Untracked |  0
|   9|0x0000000704c00000, 0x0000000704deec78, 0x0000000704e00000| 96%| O|  |TAMS 0x0000000704c00000| PB 0x0000000704c00000| Untracked |  0
|  10|0x0000000704e00000, 0x0000000705000000, 0x0000000705000000|100%| O|  |TAMS 0x0000000704e00000| PB 0x0000000704e00000| Untracked |  0
|  11|0x0000000705000000, 0x0000000705200000, 0x0000000705200000|100%| O|  |TAMS 0x0000000705000000| PB 0x0000000705000000| Untracked |  0
|  12|0x0000000705200000, 0x0000000705400000, 0x0000000705400000|100%| O|  |TAMS 0x0000000705200000| PB 0x0000000705200000| Untracked |  0
|  13|0x0000000705400000, 0x0000000705600000, 0x0000000705600000|100%| O|  |TAMS 0x0000000705400000| PB 0x0000000705400000| Untracked |  0
|  14|0x0000000705600000, 0x0000000705800000, 0x0000000705800000|100%| O|  |TAMS 0x0000000705600000| PB 0x0000000705600000| Untracked |  0
|  15|0x0000000705800000, 0x0000000705a00000, 0x0000000705a00000|100%| O|  |TAMS 0x0000000705800000| PB 0x0000000705800000| Untracked |  0
|  16|0x0000000705a00000, 0x0000000705c00000, 0x0000000705c00000|100%| O|  |TAMS 0x0000000705a00000| PB 0x0000000705a00000| Untracked |  0
|  17|0x0000000705c00000, 0x0000000705e00000, 0x0000000705e00000|100%| O|  |TAMS 0x0000000705c00000| PB 0x0000000705c00000| Untracked |  0
|  18|0x0000000705e00000, 0x0000000706000000, 0x0000000706000000|100%| O|  |TAMS 0x0000000705e00000| PB 0x0000000705e00000| Untracked |  0
|  19|0x0000000706000000, 0x0000000706200000, 0x0000000706200000|100%| O|  |TAMS 0x0000000706000000| PB 0x0000000706000000| Untracked |  0
|  20|0x0000000706200000, 0x0000000706400000, 0x0000000706400000|100%| O|  |TAMS 0x0000000706200000| PB 0x0000000706200000| Untracked |  0
|  21|0x0000000706400000, 0x0000000706600000, 0x0000000706600000|100%| O|  |TAMS 0x0000000706400000| PB 0x0000000706400000| Untracked |  0
|  22|0x0000000706600000, 0x0000000706800000, 0x0000000706800000|100%| O|  |TAMS 0x0000000706600000| PB 0x0000000706600000| Untracked |  0
|  23|0x0000000706800000, 0x0000000706a00000, 0x0000000706a00000|100%| O|  |TAMS 0x0000000706800000| PB 0x0000000706800000| Untracked |  0
|  24|0x0000000706a00000, 0x0000000706b3fb50, 0x0000000706c00000| 62%| O|  |TAMS 0x0000000706a00000| PB 0x0000000706a00000| Untracked |  0
|  25|0x0000000706c00000, 0x0000000706c00000, 0x0000000706e00000|  0%| F|  |TAMS 0x0000000706c00000| PB 0x0000000706c00000| Untracked |  0
|  26|0x0000000706e00000, 0x0000000706e00000, 0x0000000707000000|  0%| F|  |TAMS 0x0000000706e00000| PB 0x0000000706e00000| Untracked |  0
|  27|0x0000000707000000, 0x000000070708e780, 0x0000000707200000| 27%| S|CS|TAMS 0x0000000707000000| PB 0x0000000707000000| Complete |  0
|  28|0x0000000707200000, 0x0000000707200000, 0x0000000707400000|  0%| F|  |TAMS 0x0000000707200000| PB 0x0000000707200000| Untracked |  0
|  29|0x0000000707400000, 0x0000000707600000, 0x0000000707600000|100%| S|CS|TAMS 0x0000000707400000| PB 0x0000000707400000| Complete |  0
|  30|0x0000000707600000, 0x0000000707600000, 0x0000000707800000|  0%| F|  |TAMS 0x0000000707600000| PB 0x0000000707600000| Untracked |  0
|  31|0x0000000707800000, 0x0000000707800000, 0x0000000707a00000|  0%| F|  |TAMS 0x0000000707800000| PB 0x0000000707800000| Untracked |  0
|  32|0x0000000707a00000, 0x0000000707a00000, 0x0000000707c00000|  0%| F|  |TAMS 0x0000000707a00000| PB 0x0000000707a00000| Untracked |  0
|  33|0x0000000707c00000, 0x0000000707c00000, 0x0000000707e00000|  0%| F|  |TAMS 0x0000000707c00000| PB 0x0000000707c00000| Untracked |  0
|  34|0x0000000707e00000, 0x0000000707e00000, 0x0000000708000000|  0%| F|  |TAMS 0x0000000707e00000| PB 0x0000000707e00000| Untracked |  0
|  35|0x0000000708000000, 0x0000000708000000, 0x0000000708200000|  0%| F|  |TAMS 0x0000000708000000| PB 0x0000000708000000| Untracked |  0
|  36|0x0000000708200000, 0x0000000708200000, 0x0000000708400000|  0%| F|  |TAMS 0x0000000708200000| PB 0x0000000708200000| Untracked |  0
|  37|0x0000000708400000, 0x0000000708400000, 0x0000000708600000|  0%| F|  |TAMS 0x0000000708400000| PB 0x0000000708400000| Untracked |  0
|  38|0x0000000708600000, 0x0000000708600000, 0x0000000708800000|  0%| F|  |TAMS 0x0000000708600000| PB 0x0000000708600000| Untracked |  0
|  39|0x0000000708800000, 0x0000000708800000, 0x0000000708a00000|  0%| F|  |TAMS 0x0000000708800000| PB 0x0000000708800000| Untracked |  0
|  40|0x0000000708a00000, 0x0000000708a00000, 0x0000000708c00000|  0%| F|  |TAMS 0x0000000708a00000| PB 0x0000000708a00000| Untracked |  0
|  41|0x0000000708c00000, 0x0000000708c00000, 0x0000000708e00000|  0%| F|  |TAMS 0x0000000708c00000| PB 0x0000000708c00000| Untracked |  0
|  42|0x0000000708e00000, 0x0000000708e00000, 0x0000000709000000|  0%| F|  |TAMS 0x0000000708e00000| PB 0x0000000708e00000| Untracked |  0
| 123|0x0000000713000000, 0x000000071311f210, 0x0000000713200000| 56%| E|  |TAMS 0x0000000713000000| PB 0x0000000713000000| Complete |  0
| 126|0x0000000713600000, 0x0000000713800000, 0x0000000713800000|100%| E|CS|TAMS 0x0000000713600000| PB 0x0000000713600000| Complete |  0

Card table byte_map: [0x0000015a1f910000,0x0000015a20100000] _byte_map_base: 0x0000015a1c0f3000

Marking Bits: (CMBitMap*) 0x0000015a07648df0
 Bits: [0x0000015a20100000, 0x0000015a24018000)

Polling page: 0x0000015a06ae0000

Metaspace:

Usage:
  Non-class:     67.36 MB used.
      Class:     10.62 MB used.
       Both:     77.98 MB used.

Virtual space:
  Non-class space:      128.00 MB reserved,      67.81 MB ( 53%) committed,  2 nodes.
      Class space:        1.00 GB reserved,      11.00 MB (  1%) committed,  1 nodes.
             Both:        1.12 GB reserved,      78.81 MB (  7%) committed. 

Chunk freelists:
   Non-Class:  11.83 MB
       Class:  4.95 MB
        Both:  16.78 MB

MaxMetaspaceSize: unlimited
CompressedClassSpaceSize: 1.00 GB
Initial GC threshold: 21.00 MB
Current GC threshold: 130.62 MB
CDS: on
 - commit_granule_bytes: 65536.
 - commit_granule_words: 8192.
 - virtual_space_node_default_size: 8388608.
 - enlarge_chunks_in_place: 1.
 - use_allocation_guard: 0.


Internal statistics:

num_allocs_failed_limit: 9.
num_arena_births: 1150.
num_arena_deaths: 0.
num_vsnodes_births: 3.
num_vsnodes_deaths: 0.
num_space_committed: 1261.
num_space_uncommitted: 0.
num_chunks_returned_to_freelist: 9.
num_chunks_taken_from_freelist: 3980.
num_chunk_merges: 9.
num_chunk_splits: 2805.
num_chunks_enlarged: 2152.
num_inconsistent_stats: 0.

CodeHeap 'non-profiled nmethods': size=120064Kb used=4111Kb max_used=4130Kb free=115952Kb
 bounds [0x0000015a177a0000, 0x0000015a17bb0000, 0x0000015a1ece0000]
CodeHeap 'profiled nmethods': size=120000Kb used=10476Kb max_used=11608Kb free=109523Kb
 bounds [0x0000015a0fce0000, 0x0000015a10840000, 0x0000015a17210000]
CodeHeap 'non-nmethods': size=5696Kb used=1914Kb max_used=1974Kb free=3781Kb
 bounds [0x0000015a17210000, 0x0000015a17480000, 0x0000015a177a0000]
CodeCache: size=245760Kb, used=16501Kb, max_used=17712Kb, free=229256Kb
 total_blobs=7668, nmethods=6895, adapters=678, full_count=0
Compilation: enabled, stopped_count=0, restarted_count=0

Compilation events (20 events):
Event: 20.147 Thread 0x0000015a24208640 nmethod 8454 0x0000015a100e0a88 code [0x0000015a100e1000, 0x0000015a100e4370]
Event: 20.148 Thread 0x0000015a24208640 8456       3       org.springframework.context.support.PostProcessorRegistrationDelegate$BeanPostProcessorChecker::postProcessBeforeInitialization (2 bytes)
Event: 20.148 Thread 0x0000015a24208640 nmethod 8456 0x0000015a102c8c08 code [0x0000015a102c8d20, 0x0000015a102c8e30]
Event: 20.148 Thread 0x0000015a24208640 8457       3       org.springframework.beans.factory.annotation.InitDestroyAnnotationBeanPostProcessor::postProcessAfterInitialization (2 bytes)
Event: 20.148 Thread 0x0000015a24208640 nmethod 8457 0x0000015a10347f88 code [0x0000015a103480a0, 0x0000015a103481b0]
Event: 20.148 Thread 0x0000015a24208640 8458       3       java.lang.reflect.Executable::getParameters (14 bytes)
Event: 20.149 Thread 0x0000015a24208640 nmethod 8458 0x0000015a1057ea88 code [0x0000015a1057ebc0, 0x0000015a1057eea0]
Event: 20.186 Thread 0x0000015a24208640 8460       3       org.aspectj.weaver.reflect.Java15ReflectionBasedReferenceTypeDelegate::getTypeVariables (216 bytes)
Event: 20.189 Thread 0x0000015a24208640 nmethod 8460 0x0000015a0feb8e08 code [0x0000015a0feb90e0, 0x0000015a0febb1d8]
Event: 20.189 Thread 0x0000015a24208640 8461       3       org.aspectj.weaver.reflect.Java15ReflectionBasedReferenceTypeDelegate::getDeclaredGenericSignature (19 bytes)
Event: 20.190 Thread 0x0000015a24208640 nmethod 8461 0x0000015a100d7708 code [0x0000015a100d7880, 0x0000015a100d8030]
Event: 20.198 Thread 0x0000015a24208640 8462   !   3       jdk.proxy2.$Proxy28::annotationType (28 bytes)
Event: 20.199 Thread 0x0000015a24208640 nmethod 8462 0x0000015a103be588 code [0x0000015a103be6e0, 0x0000015a103beac8]
Event: 20.199 Thread 0x0000015a24208640 8464       3       org.springframework.beans.factory.support.DefaultListableBeanFactory::findAnnotationOnBean (8 bytes)
Event: 20.199 Thread 0x0000015a24208640 nmethod 8464 0x0000015a1034c208 code [0x0000015a1034c320, 0x0000015a1034c468]
Event: 20.199 Thread 0x0000015a24208640 8463       3       org.springframework.aop.scope.ScopedProxyUtils::isScopedTarget (19 bytes)
Event: 20.200 Thread 0x0000015a24208640 nmethod 8463 0x0000015a10590a08 code [0x0000015a10590b40, 0x0000015a10590d58]
Event: 20.206 Thread 0x0000015a24208640 8465   !   3       jdk.proxy2.$Proxy22::annotationType (28 bytes)
Event: 20.207 Thread 0x0000015a24208640 nmethod 8465 0x0000015a105bbe88 code [0x0000015a105bbfe0, 0x0000015a105bc3c8]
Event: 20.207 Thread 0x0000015a24208640 8466       3       org.springframework.core.MethodIntrospector::selectMethods (118 bytes)

GC Heap History (20 events):
Event: 14.327 GC heap before
{Heap before GC invocations=14 (full 0):
 garbage-first heap   total reserved 4134912K, committed 75776K, used 65203K [0x0000000703a00000, 0x0000000800000000)
  region size 2048K, 16 young (32768K), 2 survivors (4096K)
 Metaspace       used 55398K, committed 56064K, reserved 1114112K
  class space    used 7130K, committed 7424K, reserved 1048576K
}
Event: 14.334 GC heap after
{Heap after GC invocations=15 (full 0):
 garbage-first heap   total reserved 4134912K, committed 75776K, used 38673K [0x0000000703a00000, 0x0000000800000000)
  region size 2048K, 1 young (2048K), 1 survivors (2048K)
 Metaspace       used 55398K, committed 56064K, reserved 1114112K
  class space    used 7130K, committed 7424K, reserved 1048576K
}
Event: 15.045 GC heap before
{Heap before GC invocations=15 (full 0):
 garbage-first heap   total reserved 4134912K, committed 75776K, used 55057K [0x0000000703a00000, 0x0000000800000000)
  region size 2048K, 10 young (20480K), 1 survivors (2048K)
 Metaspace       used 59698K, committed 60288K, reserved 1114112K
  class space    used 7845K, committed 8128K, reserved 1048576K
}
Event: 15.049 GC heap after
{Heap after GC invocations=16 (full 0):
 garbage-first heap   total reserved 4134912K, committed 75776K, used 39344K [0x0000000703a00000, 0x0000000800000000)
  region size 2048K, 2 young (4096K), 2 survivors (4096K)
 Metaspace       used 59698K, committed 60288K, reserved 1114112K
  class space    used 7845K, committed 8128K, reserved 1048576K
}
Event: 15.805 GC heap before
{Heap before GC invocations=17 (full 0):
 garbage-first heap   total reserved 4134912K, committed 75776K, used 61872K [0x0000000703a00000, 0x0000000800000000)
  region size 2048K, 14 young (28672K), 2 survivors (4096K)
 Metaspace       used 67277K, committed 67904K, reserved 1114112K
  class space    used 8998K, committed 9280K, reserved 1048576K
}
Event: 15.810 GC heap after
{Heap after GC invocations=18 (full 0):
 garbage-first heap   total reserved 4134912K, committed 75776K, used 40590K [0x0000000703a00000, 0x0000000800000000)
  region size 2048K, 2 young (4096K), 2 survivors (4096K)
 Metaspace       used 67277K, committed 67904K, reserved 1114112K
  class space    used 8998K, committed 9280K, reserved 1048576K
}
Event: 16.398 GC heap before
{Heap before GC invocations=18 (full 0):
 garbage-first heap   total reserved 4134912K, committed 75776K, used 63118K [0x0000000703a00000, 0x0000000800000000)
  region size 2048K, 13 young (26624K), 2 survivors (4096K)
 Metaspace       used 71109K, committed 71808K, reserved 1114112K
  class space    used 9611K, committed 9920K, reserved 1048576K
}
Event: 16.405 GC heap after
{Heap after GC invocations=19 (full 0):
 garbage-first heap   total reserved 4134912K, committed 75776K, used 41065K [0x0000000703a00000, 0x0000000800000000)
  region size 2048K, 2 young (4096K), 2 survivors (4096K)
 Metaspace       used 71109K, committed 71808K, reserved 1114112K
  class space    used 9611K, committed 9920K, reserved 1048576K
}
Event: 16.944 GC heap before
{Heap before GC invocations=19 (full 0):
 garbage-first heap   total reserved 4134912K, committed 75776K, used 63593K [0x0000000703a00000, 0x0000000800000000)
  region size 2048K, 13 young (26624K), 2 survivors (4096K)
 Metaspace       used 72884K, committed 73536K, reserved 1114112K
  class space    used 9774K, committed 10048K, reserved 1048576K
}
Event: 16.951 GC heap after
{Heap after GC invocations=20 (full 0):
 garbage-first heap   total reserved 4134912K, committed 92160K, used 42672K [0x0000000703a00000, 0x0000000800000000)
  region size 2048K, 2 young (4096K), 2 survivors (4096K)
 Metaspace       used 72884K, committed 73536K, reserved 1114112K
  class space    used 9774K, committed 10048K, reserved 1048576K
}
Event: 17.961 GC heap before
{Heap before GC invocations=21 (full 0):
 garbage-first heap   total reserved 4134912K, committed 92160K, used 79536K [0x0000000703a00000, 0x0000000800000000)
  region size 2048K, 20 young (40960K), 2 survivors (4096K)
 Metaspace       used 75396K, committed 76096K, reserved 1179648K
  class space    used 10211K, committed 10496K, reserved 1048576K
}
Event: 17.967 GC heap after
{Heap after GC invocations=22 (full 0):
 garbage-first heap   total reserved 4134912K, committed 92160K, used 44888K [0x0000000703a00000, 0x0000000800000000)
  region size 2048K, 3 young (6144K), 3 survivors (6144K)
 Metaspace       used 75396K, committed 76096K, reserved 1179648K
  class space    used 10211K, committed 10496K, reserved 1048576K
}
Event: 18.555 GC heap before
{Heap before GC invocations=22 (full 0):
 garbage-first heap   total reserved 4134912K, committed 92160K, used 77656K [0x0000000703a00000, 0x0000000800000000)
  region size 2048K, 19 young (38912K), 3 survivors (6144K)
 Metaspace       used 76136K, committed 76864K, reserved 1179648K
  class space    used 10343K, committed 10688K, reserved 1048576K
}
Event: 18.563 GC heap after
{Heap after GC invocations=23 (full 0):
 garbage-first heap   total reserved 4134912K, committed 92160K, used 45881K [0x0000000703a00000, 0x0000000800000000)
  region size 2048K, 2 young (4096K), 2 survivors (4096K)
 Metaspace       used 76136K, committed 76864K, reserved 1179648K
  class space    used 10343K, committed 10688K, reserved 1048576K
}
Event: 19.113 GC heap before
{Heap before GC invocations=23 (full 0):
 garbage-first heap   total reserved 4134912K, committed 92160K, used 80697K [0x0000000703a00000, 0x0000000800000000)
  region size 2048K, 19 young (38912K), 2 survivors (4096K)
 Metaspace       used 77085K, committed 77824K, reserved 1179648K
  class space    used 10475K, committed 10816K, reserved 1048576K
}
Event: 19.121 GC heap after
{Heap after GC invocations=24 (full 0):
 garbage-first heap   total reserved 4134912K, committed 92160K, used 47671K [0x0000000703a00000, 0x0000000800000000)
  region size 2048K, 2 young (4096K), 2 survivors (4096K)
 Metaspace       used 77085K, committed 77824K, reserved 1179648K
  class space    used 10475K, committed 10816K, reserved 1048576K
}
Event: 19.677 GC heap before
{Heap before GC invocations=25 (full 0):
 garbage-first heap   total reserved 4134912K, committed 92160K, used 80439K [0x0000000703a00000, 0x0000000800000000)
  region size 2048K, 18 young (36864K), 2 survivors (4096K)
 Metaspace       used 77911K, committed 78720K, reserved 1179648K
  class space    used 10596K, committed 10944K, reserved 1048576K
}
Event: 19.683 GC heap after
{Heap after GC invocations=26 (full 0):
 garbage-first heap   total reserved 4134912K, committed 92160K, used 49034K [0x0000000703a00000, 0x0000000800000000)
  region size 2048K, 3 young (6144K), 3 survivors (6144K)
 Metaspace       used 77911K, committed 78720K, reserved 1179648K
  class space    used 10596K, committed 10944K, reserved 1048576K
}
Event: 20.121 GC heap before
{Heap before GC invocations=26 (full 0):
 garbage-first heap   total reserved 4134912K, committed 92160K, used 77706K [0x0000000703a00000, 0x0000000800000000)
  region size 2048K, 17 young (34816K), 3 survivors (6144K)
 Metaspace       used 78485K, committed 79232K, reserved 1179648K
  class space    used 10683K, committed 11008K, reserved 1048576K
}
Event: 20.133 GC heap after
{Heap after GC invocations=27 (full 0):
 garbage-first heap   total reserved 4134912K, committed 92160K, used 50579K [0x0000000703a00000, 0x0000000800000000)
  region size 2048K, 3 young (6144K), 3 survivors (6144K)
 Metaspace       used 78485K, committed 79232K, reserved 1179648K
  class space    used 10683K, committed 11008K, reserved 1048576K
}

Dll operation events (14 events):
Event: 0.019 Loaded shared library C:\Program Files\Java\jdk-23\bin\java.dll
Event: 0.064 Loaded shared library C:\Program Files\Java\jdk-23\bin\jsvml.dll
Event: 0.344 Loaded shared library C:\Program Files\Java\jdk-23\bin\zip.dll
Event: 0.352 Loaded shared library C:\Program Files\Java\jdk-23\bin\instrument.dll
Event: 0.363 Loaded shared library C:\Program Files\Java\jdk-23\bin\net.dll
Event: 0.369 Loaded shared library C:\Program Files\Java\jdk-23\bin\nio.dll
Event: 0.375 Loaded shared library C:\Program Files\Java\jdk-23\bin\zip.dll
Event: 0.584 Loaded shared library C:\Program Files\JetBrains\IntelliJ IDEA Community Edition 2024.3.3\bin\breakgen64.dll
Event: 0.600 Loaded shared library C:\Program Files\Java\jdk-23\bin\extnet.dll
Event: 0.951 Loaded shared library C:\Program Files\Java\jdk-23\bin\jimage.dll
Event: 3.814 Loaded shared library C:\Program Files\Java\jdk-23\bin\sunmscapi.dll
Event: 10.246 Loaded shared library C:\Program Files\Java\jdk-23\bin\management.dll
Event: 10.251 Loaded shared library C:\Program Files\Java\jdk-23\bin\management_ext.dll
Event: 14.237 Loaded shared library C:\Program Files\Java\jdk-23\bin\verify.dll

Deoptimization events (20 events):
Event: 19.558 Thread 0x0000015a075e18b0 Uncommon trap: trap_request=0xffffffc6 fr.pc=0x0000015a1794ffcc relative=0x00000000000019ac
Event: 19.558 Thread 0x0000015a075e18b0 Uncommon trap: reason=bimorphic_or_optimized_type_check action=maybe_recompile pc=0x0000015a1794ffcc method=org.springframework.core.annotation.TypeMappedAnnotation.getValue(IZZ)Ljava/lang/Object; @ 121 c2
Event: 19.558 Thread 0x0000015a075e18b0 DEOPT PACKING pc=0x0000015a1794ffcc sp=0x0000002df2cfdef0
Event: 19.558 Thread 0x0000015a075e18b0 DEOPT UNPACKING pc=0x0000015a17267982 sp=0x0000002df2cfde48 mode 2
Event: 19.822 Thread 0x0000015a075e18b0 Uncommon trap: trap_request=0xffffff45 fr.pc=0x0000015a17a6fc44 relative=0x0000000000002124
Event: 19.822 Thread 0x0000015a075e18b0 Uncommon trap: reason=unstable_if action=reinterpret pc=0x0000015a17a6fc44 method=org.aspectj.apache.bcel.classfile.Constant.readConstant(Ljava/io/DataInputStream;)Lorg/aspectj/apache/bcel/classfile/Constant; @ 6 c2
Event: 19.822 Thread 0x0000015a075e18b0 DEOPT PACKING pc=0x0000015a17a6fc44 sp=0x0000002df2cfac90
Event: 19.822 Thread 0x0000015a075e18b0 DEOPT UNPACKING pc=0x0000015a17267982 sp=0x0000002df2cfac70 mode 2
Event: 19.827 Thread 0x0000015a075e18b0 Uncommon trap: trap_request=0xffffff45 fr.pc=0x0000015a17b2f36c relative=0x0000000000001c6c
Event: 19.827 Thread 0x0000015a075e18b0 Uncommon trap: reason=unstable_if action=reinterpret pc=0x0000015a17b2f36c method=org.aspectj.weaver.TypeFactory.createTypeFromSignature(Ljava/lang/String;)Lorg/aspectj/weaver/UnresolvedType; @ 521 c2
Event: 19.827 Thread 0x0000015a075e18b0 DEOPT PACKING pc=0x0000015a17b2f36c sp=0x0000002df2cfb160
Event: 19.827 Thread 0x0000015a075e18b0 DEOPT UNPACKING pc=0x0000015a17267982 sp=0x0000002df2cfb0f8 mode 2
Event: 20.036 Thread 0x0000015a075e18b0 Uncommon trap: trap_request=0xffffff45 fr.pc=0x0000015a17b560b4 relative=0x0000000000001514
Event: 20.036 Thread 0x0000015a075e18b0 Uncommon trap: reason=unstable_if action=reinterpret pc=0x0000015a17b560b4 method=java.net.URL.<init>(Ljava/net/URL;Ljava/lang/String;Ljava/net/URLStreamHandler;)V @ 30 c2
Event: 20.036 Thread 0x0000015a075e18b0 DEOPT PACKING pc=0x0000015a17b560b4 sp=0x0000002df2cfdb80
Event: 20.036 Thread 0x0000015a075e18b0 DEOPT UNPACKING pc=0x0000015a17267982 sp=0x0000002df2cfdb30 mode 2
Event: 20.036 Thread 0x0000015a075e18b0 Uncommon trap: trap_request=0xffffff45 fr.pc=0x0000015a1798a67c relative=0x000000000000299c
Event: 20.036 Thread 0x0000015a075e18b0 Uncommon trap: reason=unstable_if action=reinterpret pc=0x0000015a1798a67c method=java.net.URL.isBuiltinStreamHandler(Ljava/net/URLStreamHandler;)Z @ 13 c2
Event: 20.036 Thread 0x0000015a075e18b0 DEOPT PACKING pc=0x0000015a1798a67c sp=0x0000002df2cfda70
Event: 20.036 Thread 0x0000015a075e18b0 DEOPT UNPACKING pc=0x0000015a17267982 sp=0x0000002df2cfd910 mode 2

Classes loaded (20 events):
Event: 19.451 Loading class sun/reflect/annotation/TypeAnnotation
Event: 19.451 Loading class sun/reflect/annotation/TypeAnnotation done
Event: 19.451 Loading class sun/reflect/annotation/AnnotatedTypeFactory
Event: 19.452 Loading class sun/reflect/annotation/AnnotatedTypeFactory done
Event: 19.452 Loading class sun/reflect/annotation/AnnotatedTypeFactory$AnnotatedTypeBaseImpl
Event: 19.452 Loading class sun/reflect/annotation/AnnotatedTypeFactory$AnnotatedTypeBaseImpl done
Event: 19.452 Loading class sun/reflect/annotation/TypeAnnotation$LocationInfo
Event: 19.452 Loading class sun/reflect/annotation/TypeAnnotation$LocationInfo done
Event: 19.452 Loading class sun/reflect/annotation/TypeAnnotation$LocationInfo$Location
Event: 19.452 Loading class sun/reflect/annotation/TypeAnnotation$LocationInfo$Location done
Event: 19.452 Loading class java/lang/reflect/AnnotatedParameterizedType
Event: 19.453 Loading class java/lang/reflect/AnnotatedParameterizedType done
Event: 19.456 Loading class java/util/AbstractList$SubList$1
Event: 19.457 Loading class java/util/AbstractList$SubList$1 done
Event: 19.787 Loading class java/util/EnumMap$EntrySet
Event: 19.787 Loading class java/util/EnumMap$EntrySet done
Event: 19.787 Loading class java/util/EnumMap$EntryIterator
Event: 19.787 Loading class java/util/EnumMap$EnumMapIterator
Event: 19.787 Loading class java/util/EnumMap$EnumMapIterator done
Event: 19.787 Loading class java/util/EnumMap$EntryIterator done

Classes unloaded (0 events):
No events

Classes redefined (0 events):
No events

Internal exceptions (20 events):
Event: 16.167 Thread 0x0000015a075e18b0 Exception <a 'java/lang/NoSuchMethodError'{0x0000000707853ca0}: 'java.lang.Object java.lang.invoke.DirectMethodHandle$Holder.invokeSpecial(java.lang.Object, java.lang.Object, java.lang.Object, java.lang.Object, java.lang.Object, java.lang.Object, java.lang.Object, java.lang.Object, int)'> (0x0000000707853ca0) 
thrown [s\open\src\hotspot\share\interpreter\linkResolver.cpp, line 796]
Event: 16.167 Thread 0x0000015a075e18b0 Exception <a 'java/lang/NoSuchMethodError'{0x0000000707857c88}: 'java.lang.Object java.lang.invoke.Invokers$Holder.linkToTargetMethod(java.lang.Object, java.lang.Object, java.lang.Object, java.lang.Object, java.lang.Object, java.lang.Object, int, java.lang.Object)'> (0x0000000707857c88) 
thrown [s\open\src\hotspot\share\interpreter\linkResolver.cpp, line 796]
Event: 16.180 Thread 0x0000015a075e18b0 Implicit null exception at 0x0000015a1784ad21 to 0x0000015a1784ae64
Event: 16.193 Thread 0x0000015a075e18b0 Exception <a 'java/lang/NoSuchMethodError'{0x0000000707916c00}: 'void java.lang.invoke.DirectMethodHandle$Holder.invokeInterface(java.lang.Object, java.lang.Object)'> (0x0000000707916c00) 
thrown [s\open\src\hotspot\share\interpreter\linkResolver.cpp, line 796]
Event: 16.276 Thread 0x0000015a075e18b0 Exception <a 'java/lang/NoSuchMethodError'{0x0000000707594b88}: 'void java.lang.invoke.Invokers$Holder.invokeExact_MT(java.lang.Object, java.lang.Object, java.lang.Object, java.lang.Object)'> (0x0000000707594b88) 
thrown [s\open\src\hotspot\share\interpreter\linkResolver.cpp, line 796]
Event: 16.341 Thread 0x0000015a075e18b0 Implicit null exception at 0x0000015a1780c973 to 0x0000015a1780cbdc
Event: 16.648 Thread 0x0000015a075e18b0 Implicit null exception at 0x0000015a1792865c to 0x0000015a1792a4b8
Event: 16.660 Thread 0x0000015a075e18b0 Exception <a 'java/lang/IncompatibleClassChangeError'{0x0000000707721798}: Found class java.lang.Object, but interface was expected> (0x0000000707721798) 
thrown [s\open\src\hotspot\share\interpreter\linkResolver.cpp, line 863]
Event: 16.795 Thread 0x0000015a075e18b0 Exception <a 'java/lang/IncompatibleClassChangeError'{0x0000000707036928}: Found class java.lang.Object, but interface was expected> (0x0000000707036928) 
thrown [s\open\src\hotspot\share\interpreter\linkResolver.cpp, line 863]
Event: 17.174 Thread 0x0000015a075e18b0 Exception <a 'java/lang/IncompatibleClassChangeError'{0x000000071318bc48}: Found class java.lang.Object, but interface was expected> (0x000000071318bc48) 
thrown [s\open\src\hotspot\share\interpreter\linkResolver.cpp, line 863]
Event: 17.362 Thread 0x0000015a075e18b0 Exception <a 'java/lang/NoSuchMethodError'{0x00000007089cc620}: 'java.lang.Object java.lang.invoke.DirectMethodHandle$Holder.invokeStaticInit(java.lang.Object, java.lang.Object, int)'> (0x00000007089cc620) 
thrown [s\open\src\hotspot\share\interpreter\linkResolver.cpp, line 796]
Event: 17.798 Thread 0x0000015a075e18b0 Exception <a 'java/lang/IncompatibleClassChangeError'{0x0000000707773b38}: Found class java.lang.Object, but interface was expected> (0x0000000707773b38) 
thrown [s\open\src\hotspot\share\interpreter\linkResolver.cpp, line 863]
Event: 17.835 Thread 0x0000015a075e18b0 Exception <a 'java/lang/NoSuchMethodError'{0x00000007074287f8}: 'double java.lang.invoke.DirectMethodHandle$Holder.invokeStatic(java.lang.Object, java.lang.Object)'> (0x00000007074287f8) 
thrown [s\open\src\hotspot\share\interpreter\linkResolver.cpp, line 796]
Event: 17.867 Thread 0x0000015a075e18b0 Exception <a 'java/lang/NoSuchMethodError'{0x0000000707490b98}: 'double java.lang.invoke.DirectMethodHandle$Holder.invokeSpecial(java.lang.Object, java.lang.Object, java.lang.Object)'> (0x0000000707490b98) 
thrown [s\open\src\hotspot\share\interpreter\linkResolver.cpp, line 796]
Event: 18.081 Thread 0x0000015a075e18b0 Exception <a 'java/lang/IncompatibleClassChangeError'{0x0000000708cc0eb0}: Found class java.lang.Object, but interface was expected> (0x0000000708cc0eb0) 
thrown [s\open\src\hotspot\share\interpreter\linkResolver.cpp, line 863]
Event: 18.092 Thread 0x0000015a075e18b0 Exception <a 'java/lang/NoSuchMethodError'{0x0000000708cecbf0}: 'void java.lang.invoke.DirectMethodHandle$Holder.invokeStatic(java.lang.Object, long)'> (0x0000000708cecbf0) 
thrown [s\open\src\hotspot\share\interpreter\linkResolver.cpp, line 796]
Event: 18.122 Thread 0x0000015a075e18b0 Exception <a 'java/lang/NoSuchMethodError'{0x0000000708aaa0f8}: 'java.lang.Object java.lang.invoke.DirectMethodHandle$Holder.invokeVirtual(java.lang.Object, java.lang.Object, java.lang.Object, java.lang.Object, java.lang.Object, java.lang.Object, java.lang.Object, java.lang.Object)'> (0x0000000708aaa0f8) 
thrown [s\open\src\hotspot\share\interpreter\linkResolver.cpp, line 796]
Event: 18.640 Thread 0x0000015a075e18b0 Exception <a 'java/lang/NoSuchMethodError'{0x0000000708e20828}: 'java.lang.Object java.lang.invoke.DirectMethodHandle$Holder.newInvokeSpecial(java.lang.Object, java.lang.Object, java.lang.Object, java.lang.Object, java.lang.Object, java.lang.Object, java.lang.Object, java.lang.Object)'> (0x0000000708e20828) 
thrown [s\open\src\hotspot\share\interpreter\linkResolver.cpp, line 796]
Event: 19.964 Thread 0x0000015a075e18b0 Exception <a 'java/lang/IncompatibleClassChangeError'{0x0000000707c68990}: Found class java.lang.Object, but interface was expected> (0x0000000707c68990) 
thrown [s\open\src\hotspot\share\interpreter\linkResolver.cpp, line 863]
Event: 20.155 Thread 0x0000015a075e18b0 Exception <a 'java/lang/NoSuchMethodError'{0x00000007137863c0}: 'void java.lang.invoke.DirectMethodHandle$Holder.invokeVirtual(java.lang.Object, java.lang.Object, long)'> (0x00000007137863c0) 
thrown [s\open\src\hotspot\share\interpreter\linkResolver.cpp, line 796]

VM Operations (20 events):
Event: 17.589 Executing VM operation: HandshakeAllThreads (Deoptimize)
Event: 17.589 Executing VM operation: HandshakeAllThreads (Deoptimize) done
Event: 17.961 Executing VM operation: G1CollectForAllocation (G1 Evacuation Pause)
Event: 17.967 Executing VM operation: G1CollectForAllocation (G1 Evacuation Pause) done
Event: 18.555 Executing VM operation: G1CollectForAllocation (G1 Evacuation Pause)
Event: 18.563 Executing VM operation: G1CollectForAllocation (G1 Evacuation Pause) done
Event: 19.113 Executing VM operation: G1CollectForAllocation (G1 Evacuation Pause)
Event: 19.121 Executing VM operation: G1CollectForAllocation (G1 Evacuation Pause) done
Event: 19.191 Executing VM operation: G1PauseRemark
Event: 19.196 Executing VM operation: G1PauseRemark done
Event: 19.223 Executing VM operation: G1PauseCleanup
Event: 19.223 Executing VM operation: G1PauseCleanup done
Event: 19.442 Executing VM operation: HandshakeAllThreads (Deoptimize)
Event: 19.442 Executing VM operation: HandshakeAllThreads (Deoptimize) done
Event: 19.677 Executing VM operation: G1CollectForAllocation (G1 Evacuation Pause)
Event: 19.683 Executing VM operation: G1CollectForAllocation (G1 Evacuation Pause) done
Event: 20.022 Executing VM operation: HandshakeAllThreads (Deoptimize)
Event: 20.022 Executing VM operation: HandshakeAllThreads (Deoptimize) done
Event: 20.121 Executing VM operation: G1CollectForAllocation (G1 Evacuation Pause)
Event: 20.133 Executing VM operation: G1CollectForAllocation (G1 Evacuation Pause) done

Memory protections (0 events):
No events

Nmethod flushes (20 events):
Event: 19.195 Thread 0x0000015a241ba410 flushing  nmethod 0x0000015a17971008
Event: 19.195 Thread 0x0000015a241ba410 flushing  nmethod 0x0000015a17ad1d08
Event: 19.195 Thread 0x0000015a241ba410 flushing  nmethod 0x0000015a17ad4d08
Event: 19.195 Thread 0x0000015a241ba410 flushing  nmethod 0x0000015a0fd3ca08
Event: 19.195 Thread 0x0000015a241ba410 flushing  nmethod 0x0000015a0fd3d008
Event: 19.195 Thread 0x0000015a241ba410 flushing  nmethod 0x0000015a0fde7108
Event: 19.195 Thread 0x0000015a241ba410 flushing  nmethod 0x0000015a0fe6f208
Event: 19.195 Thread 0x0000015a241ba410 flushing  nmethod 0x0000015a0feb1988
Event: 19.195 Thread 0x0000015a241ba410 flushing  nmethod 0x0000015a0fefcc08
Event: 19.195 Thread 0x0000015a241ba410 flushing  nmethod 0x0000015a0ff7b488
Event: 19.195 Thread 0x0000015a241ba410 flushing  nmethod 0x0000015a1003ed88
Event: 19.195 Thread 0x0000015a241ba410 flushing  nmethod 0x0000015a100c8288
Event: 19.195 Thread 0x0000015a241ba410 flushing  nmethod 0x0000015a100cde08
Event: 19.195 Thread 0x0000015a241ba410 flushing  nmethod 0x0000015a100cfe08
Event: 19.195 Thread 0x0000015a241ba410 flushing  nmethod 0x0000015a100d0208
Event: 19.195 Thread 0x0000015a241ba410 flushing  nmethod 0x0000015a10233908
Event: 19.195 Thread 0x0000015a241ba410 flushing  nmethod 0x0000015a10327c88
Event: 19.195 Thread 0x0000015a241ba410 flushing  nmethod 0x0000015a10567088
Event: 19.195 Thread 0x0000015a241ba410 flushing  nmethod 0x0000015a1060c688
Event: 19.195 Thread 0x0000015a241ba410 flushing  nmethod 0x0000015a106e7608

Events (20 events):
Event: 2.610 Thread 0x0000015a242071d0 Thread exited: 0x0000015a242071d0
Event: 2.784 Thread 0x0000015a075e18b0 Thread added: 0x0000015a6d1cdef0
Event: 2.814 Thread 0x0000015a6d1cdef0 Thread exited: 0x0000015a6d1cdef0
Event: 3.020 Thread 0x0000015a075e18b0 Thread added: 0x0000015a6d0b9a80
Event: 3.277 Thread 0x0000015a24208640 Thread added: 0x0000015a24206430
Event: 3.822 Thread 0x0000015a6d0b9a80 Thread exited: 0x0000015a6d0b9a80
Event: 3.924 Thread 0x0000015a075e18b0 Thread added: 0x0000015a6dd54c70
Event: 4.101 Thread 0x0000015a6dd54c70 Thread exited: 0x0000015a6dd54c70
Event: 11.199 Thread 0x0000015a075e18b0 Thread added: 0x0000015a6c083ce0
Event: 11.201 Thread 0x0000015a6c083ce0 Thread added: 0x0000015a6c084a00
Event: 11.207 Thread 0x0000015a075e18b0 Thread added: 0x0000015a6f3bcb70
Event: 11.376 Thread 0x0000015a075e18b0 Thread added: 0x0000015a6f3bc4e0
Event: 12.797 Thread 0x0000015a075e18b0 Thread added: 0x0000015a6f3bbe50
Event: 12.911 Thread 0x0000015a6f3bbe50 Thread added: 0x0000015a6f3bd200
Event: 14.727 Thread 0x0000015a24206430 Thread exited: 0x0000015a24206430
Event: 15.082 Thread 0x0000015a24208d10 Thread exited: 0x0000015a24208d10
Event: 15.721 Thread 0x0000015a24208640 Thread added: 0x0000015a24208d10
Event: 16.261 Thread 0x0000015a24208640 Thread added: 0x0000015a6f326e40
Event: 17.521 Thread 0x0000015a075e18b0 Thread added: 0x0000015a6f3bec40
Event: 18.752 Thread 0x0000015a6f3bd200 Thread exited: 0x0000015a6f3bd200


Dynamic libraries:
0x00007ff680f70000 - 0x00007ff680f80000 	C:\Program Files\Java\jdk-23\bin\java.exe
0x00007ffb47b80000 - 0x00007ffb47de3000 	C:\WINDOWS\SYSTEM32\ntdll.dll
0x00007ffb46cd0000 - 0x00007ffb46d97000 	C:\WINDOWS\System32\KERNEL32.DLL
0x00007ffb44f00000 - 0x00007ffb452c9000 	C:\WINDOWS\System32\KERNELBASE.dll
0x00007ffb09060000 - 0x00007ffb090d1000 	C:\Program Files (x86)\K7 Computing\K7TSecurity\K7CrvrEx64.dll
0x00007ffb476f0000 - 0x00007ffb478ba000 	C:\WINDOWS\System32\USER32.dll
0x00007ffb44d80000 - 0x00007ffb44da7000 	C:\WINDOWS\System32\win32u.dll
0x00007ffb479d0000 - 0x00007ffb479fa000 	C:\WINDOWS\System32\GDI32.dll
0x00007ffb45860000 - 0x00007ffb45991000 	C:\WINDOWS\System32\gdi32full.dll
0x00007ffb45450000 - 0x00007ffb454f3000 	C:\WINDOWS\System32\msvcp_win.dll
0x00007ffb455a0000 - 0x00007ffb456ec000 	C:\WINDOWS\System32\ucrtbase.dll
0x00007ffb46c10000 - 0x00007ffb46cc2000 	C:\WINDOWS\System32\ADVAPI32.dll
0x00007ffb459a0000 - 0x00007ffb45a49000 	C:\WINDOWS\System32\msvcrt.dll
0x00007ffb46da0000 - 0x00007ffb46e46000 	C:\WINDOWS\System32\sechost.dll
0x00007ffb46e50000 - 0x00007ffb46f66000 	C:\WINDOWS\System32\RPCRT4.dll
0x00007ffb09000000 - 0x00007ffb0905c000 	C:\Program Files (x86)\K7 Computing\K7TSecurity\K7Crvr64.dll
0x00007ffb2ec00000 - 0x00007ffb2ec17000 	C:\Program Files\Java\jdk-23\bin\jli.dll
0x00007ffb2ebe0000 - 0x00007ffb2ebfb000 	C:\Program Files\Java\jdk-23\bin\VCRUNTIME140.dll
0x00007ffb2aed0000 - 0x00007ffb2b160000 	C:\WINDOWS\WinSxS\amd64_microsoft.windows.common-controls_6595b64144ccf1df_6.0.26100.3323_none_3e088096e3344490\COMCTL32.dll
0x00007ffb47b00000 - 0x00007ffb47b2f000 	C:\WINDOWS\System32\IMM32.DLL
0x00007ffb33080000 - 0x00007ffb3308c000 	C:\Program Files\Java\jdk-23\bin\vcruntime140_1.dll
0x00007ffb00470000 - 0x00007ffb004fe000 	C:\Program Files\Java\jdk-23\bin\msvcp140.dll
0x00007ffac7ca0000 - 0x00007ffac89f0000 	C:\Program Files\Java\jdk-23\bin\server\jvm.dll
0x00007ffb478d0000 - 0x00007ffb47944000 	C:\WINDOWS\System32\WS2_32.dll
0x00007ffb44c30000 - 0x00007ffb44c7e000 	C:\WINDOWS\SYSTEM32\POWRPROF.dll
0x00007ffb36800000 - 0x00007ffb36836000 	C:\WINDOWS\SYSTEM32\WINMM.dll
0x00007ffb3c6f0000 - 0x00007ffb3c6fb000 	C:\WINDOWS\SYSTEM32\VERSION.dll
0x00007ffb44bf0000 - 0x00007ffb44c04000 	C:\WINDOWS\SYSTEM32\UMPDC.dll
0x00007ffb43ae0000 - 0x00007ffb43afa000 	C:\WINDOWS\SYSTEM32\kernel.appcore.dll
0x00007ffb2e980000 - 0x00007ffb2e98a000 	C:\Program Files\Java\jdk-23\bin\jimage.dll
0x00007ffb424e0000 - 0x00007ffb42721000 	C:\WINDOWS\SYSTEM32\DBGHELP.DLL
0x00007ffb45e10000 - 0x00007ffb46192000 	C:\WINDOWS\System32\combase.dll
0x00007ffb46250000 - 0x00007ffb46326000 	C:\WINDOWS\System32\OLEAUT32.dll
0x00007ffb28820000 - 0x00007ffb28859000 	C:\WINDOWS\SYSTEM32\dbgcore.DLL
0x00007ffb45500000 - 0x00007ffb45599000 	C:\WINDOWS\System32\bcryptPrimitives.dll
0x00007ffb2e970000 - 0x00007ffb2e97f000 	C:\Program Files\Java\jdk-23\bin\instrument.dll
0x00007ffb2dec0000 - 0x00007ffb2dede000 	C:\Program Files\Java\jdk-23\bin\java.dll
0x00007ffb46a60000 - 0x00007ffb46bf5000 	C:\WINDOWS\System32\ole32.dll
0x00007ffb46fd0000 - 0x00007ffb476e5000 	C:\WINDOWS\System32\SHELL32.dll
0x00007ffb456f0000 - 0x00007ffb45858000 	C:\WINDOWS\System32\wintypes.dll
0x00007ffb42a40000 - 0x00007ffb43285000 	C:\WINDOWS\SYSTEM32\windows.storage.dll
0x00007ffb47a10000 - 0x00007ffb47afb000 	C:\WINDOWS\System32\SHCORE.dll
0x00007ffb469e0000 - 0x00007ffb46a3d000 	C:\WINDOWS\System32\shlwapi.dll
0x00007ffb44c90000 - 0x00007ffb44cbf000 	C:\WINDOWS\SYSTEM32\profapi.dll
0x00007ffaf2b50000 - 0x00007ffaf2c27000 	C:\Program Files\Java\jdk-23\bin\jsvml.dll
0x00007ffb1d590000 - 0x00007ffb1d5a7000 	C:\Program Files\Java\jdk-23\bin\zip.dll
0x00007ffb2e720000 - 0x00007ffb2e730000 	C:\Program Files\Java\jdk-23\bin\net.dll
0x00007ffb440c0000 - 0x00007ffb4412a000 	C:\WINDOWS\system32\mswsock.dll
0x00007ffb28600000 - 0x00007ffb28616000 	C:\Program Files\Java\jdk-23\bin\nio.dll
0x00007ffb18070000 - 0x00007ffb1808a000 	C:\Program Files\JetBrains\IntelliJ IDEA Community Edition 2024.3.3\bin\breakgen64.dll
0x00007ffb2e1f0000 - 0x00007ffb2e1f9000 	C:\Program Files\Java\jdk-23\bin\extnet.dll
0x00007ffb43580000 - 0x00007ffb435b3000 	C:\WINDOWS\SYSTEM32\IPHLPAPI.DLL
0x00007ffb47a00000 - 0x00007ffb47a0a000 	C:\WINDOWS\System32\NSI.dll
0x00007ffb43610000 - 0x00007ffb43735000 	C:\WINDOWS\SYSTEM32\DNSAPI.dll
0x00007ffb30c30000 - 0x00007ffb30c3b000 	C:\Windows\System32\rasadhlp.dll
0x00007ffb3c5b0000 - 0x00007ffb3c635000 	C:\WINDOWS\System32\fwpuclnt.dll
0x00007ffb2c240000 - 0x00007ffb2c24e000 	C:\Program Files\Java\jdk-23\bin\sunmscapi.dll
0x00007ffb452d0000 - 0x00007ffb45447000 	C:\WINDOWS\System32\CRYPT32.dll
0x00007ffb44560000 - 0x00007ffb44590000 	C:\WINDOWS\SYSTEM32\ncrypt.dll
0x00007ffb44510000 - 0x00007ffb4454f000 	C:\WINDOWS\SYSTEM32\NTASN1.dll
0x00007ffb44360000 - 0x00007ffb4437c000 	C:\WINDOWS\SYSTEM32\CRYPTSP.dll
0x00007ffb43b00000 - 0x00007ffb43b3a000 	C:\WINDOWS\system32\rsaenh.dll
0x00007ffb44160000 - 0x00007ffb4418b000 	C:\WINDOWS\SYSTEM32\USERENV.dll
0x00007ffb445a0000 - 0x00007ffb445c6000 	C:\WINDOWS\SYSTEM32\bcrypt.dll
0x00007ffb44380000 - 0x00007ffb4438c000 	C:\WINDOWS\SYSTEM32\CRYPTBASE.dll
0x00007ffb2b8e0000 - 0x00007ffb2b8ea000 	C:\Program Files\Java\jdk-23\bin\management.dll
0x00007ffb29c60000 - 0x00007ffb29c6b000 	C:\Program Files\Java\jdk-23\bin\management_ext.dll
0x00007ffb469d0000 - 0x00007ffb469d8000 	C:\WINDOWS\System32\PSAPI.DLL
0x00007ffb35200000 - 0x00007ffb35210000 	C:\Program Files\Java\jdk-23\bin\verify.dll
0x00007ffb2a880000 - 0x00007ffb2a888000 	C:\WINDOWS\system32\wshunix.dll

dbghelp: loaded successfully - version: 4.0.5 - missing functions: none
symbol engine: initialized successfully - sym options: 0x614 - pdb path: .;C:\Program Files\Java\jdk-23\bin;C:\WINDOWS\SYSTEM32;C:\Program Files (x86)\K7 Computing\K7TSecurity;C:\WINDOWS\WinSxS\amd64_microsoft.windows.common-controls_6595b64144ccf1df_6.0.26100.3323_none_3e088096e3344490;C:\Program Files\Java\jdk-23\bin\server;C:\Program Files\JetBrains\IntelliJ IDEA Community Edition 2024.3.3\bin

VM Arguments:
jvm_args: -javaagent:C:\Program Files\JetBrains\IntelliJ IDEA Community Edition 2024.3.3\lib\idea_rt.jar=52194:C:\Program Files\JetBrains\IntelliJ IDEA Community Edition 2024.3.3\bin -Dfile.encoding=UTF-8 -Dsun.stdout.encoding=UTF-8 -Dsun.stderr.encoding=UTF-8 
java_command: com.programming.techie.orderservice.OrderServiceApplication
java_class_path (initial): D:\PROJECTS\order-service\target\classes;C:\Users\Arun k s\.m2\repository\org\springframework\boot\spring-boot-starter-data-jpa\3.4.3\spring-boot-starter-data-jpa-3.4.3.jar;C:\Users\Arun k s\.m2\repository\org\springframework\boot\spring-boot-starter\3.4.3\spring-boot-starter-3.4.3.jar;C:\Users\Arun k s\.m2\repository\org\springframework\boot\spring-boot\3.4.3\spring-boot-3.4.3.jar;C:\Users\Arun k s\.m2\repository\org\springframework\boot\spring-boot-starter-logging\3.4.3\spring-boot-starter-logging-3.4.3.jar;C:\Users\Arun k s\.m2\repository\org\apache\logging\log4j\log4j-to-slf4j\2.24.3\log4j-to-slf4j-2.24.3.jar;C:\Users\Arun k s\.m2\repository\org\apache\logging\log4j\log4j-api\2.24.3\log4j-api-2.24.3.jar;C:\Users\Arun k s\.m2\repository\org\slf4j\jul-to-slf4j\2.0.16\jul-to-slf4j-2.0.16.jar;C:\Users\Arun k s\.m2\repository\jakarta\annotation\jakarta.annotation-api\2.1.1\jakarta.annotation-api-2.1.1.jar;C:\Users\Arun k s\.m2\repository\org\yaml\snakeyaml\2.3\snakeyaml-2.3.jar;C:\Users\Arun k s\.m2\repository\org\springframework\boot\spring-boot-starter-jdbc\3.4.3\spring-boot-starter-jdbc-3.4.3.jar;C:\Users\Arun k s\.m2\repository\com\zaxxer\HikariCP\5.1.0\HikariCP-5.1.0.jar;C:\Users\Arun k s\.m2\repository\org\springframework\spring-jdbc\6.2.3\spring-jdbc-6.2.3.jar;C:\Users\Arun k s\.m2\repository\org\hibernate\orm\hibernate-core\6.6.8.Final\hibernate-core-6.6.8.Final.jar;C:\Users\Arun k s\.m2\repository\jakarta\persistence\jakarta.persistence-api\3.1.0\jakarta.persistence-api-3.1.0.jar;C:\Users\Arun k s\.m2\repository\jakarta\transaction\jakarta.transaction-api\2.0.1\jakarta.transaction-api-2.0.1.jar;C:\Users\Arun k s\.m2\repository\org\jboss\logging\jboss-logging\3.6.1.Final\jboss-logging-3.6.1.Final.jar;C:\Users\Arun k s\.m2\repository\org\hibernate\common\hibernate-commons-annotations\7.0.3.Final\hibernate-commons-annotations-7.0.3.Final.jar;C:\Users\Arun k s\.m2\repository\io\smallrye\jandex\3.2.0\jandex-3.2.0.jar;C:\Users\Arun k s\.m2\repository\com\fasterxml\classmate\1.7.0\classmate-1.7.0.jar;C:\Users\Arun k s\.m2\repository\net\bytebuddy\byte-buddy\1.15.11\byte-buddy-1.15.11.jar;C:\Users\Arun k s\.m2\repository\org\glassfish\jaxb\jaxb-runtime\4.0.5\jaxb-runtime-4.0.5.jar;C:\Users\Arun k s\.m2\repository\org\glassfish\jaxb\jaxb-core\4.0.5\jaxb-core-4.0.5.jar;C:\Users\Arun k s\.m2\repository\org\eclipse\angus\angus-activation\2.0.2\angus-activation-2.0.2.jar;C:\Users\Arun k s\.m2\repository\org\glassfish\jaxb\txw2\4.0.5\txw2-4.0.5.jar;C:\Users\Arun k s\.m2\repository\com\sun\istack\istack-commons-runtime\4.1.2\istack-commons-runtime-4.1.2.jar;C:\Users\Arun k s\.m2\repository\jakarta\inject\jakarta.inject-api\2.0.1\jakarta.inject-api-2.0.1.jar;C:\Users\Arun k s\.m2\repository\org\antlr\antlr4-runtime\4.13.0\antlr4-runtime-4.13.0.jar;C:\Users\Arun k s\.m2\repository\org\springframework\data\spring-data-jpa\3.4.3\spring-data-jpa-3.4.3.jar;C:\Users\Arun k s\.m2\repository\org\springframework\data\spring-data-commons\3.4.3\spring-data-commons-3.4.3.jar;C:\Users\Arun k s\.m2\repository\org\springframework\spring-orm\6.2.3\spring-orm-6.2.3.jar;C:\Users\Arun k s\.m2\repository\org\springframework\spring-aop\6.2.3\spring-aop-6.2.3.jar;C:\Users\Arun k s\.m2\repository\org\springframework\spring-beans\6.2.3\spring-beans-6.2.3.jar;C:\Users\Arun k s\.m2\repository\org\slf4j\slf4j-api\2.0.16\slf4j-api-2.0.16.jar;C:\Users\Arun k s\.m2\repository\org\springframework\spring-aspects\6.2.3\spring-aspects-6.2.3.jar;C:\Users\Arun k s\.m2\repository\org\aspectj\aspectjweaver\1.9.22.1\aspectjweaver-1.9.22.1.jar;C:\Users\Arun k s\.m2\repository\org\springframework\boot\spring-boot-starter-web\3.4.3\spring-boot-starter-web-3.4.3.jar;C:\Users\Arun k s\.m2\repository\org\springframework\boot\spring-boot-starter-json\3.4.3\spring-boot-starter-json-3.4.3.jar;C:\Users\Arun k s\.m2\repository\com\fasterxml\jackson\core\jackson-databind\2.18.2\jackson-databind-2.18.2.jar;C:\Users\Arun k s\.m2\repository\com\fasterxml\jackson\datatype\jackson-datatype-jdk8\2.18.2\jackson-datatype-jdk8-2.18.2.jar;C:\Users\Arun k s\.m2\repository\com\fasterxml\jackson\module\jackson-module-parameter-names\2.18.2\jackson-module-parameter-names-2.18.2.jar;C:\Users\Arun k s\.m2\repository\org\springframework\boot\spring-boot-starter-tomcat\3.4.3\spring-boot-starter-tomcat-3.4.3.jar;C:\Users\Arun k s\.m2\repository\org\apache\tomcat\embed\tomcat-embed-core\10.1.36\tomcat-embed-core-10.1.36.jar;C:\Users\Arun k s\.m2\repository\org\apache\tomcat\embed\tomcat-embed-el\10.1.36\tomcat-embed-el-10.1.36.jar;C:\Users\Arun k s\.m2\repository\org\apache\tomcat\embed\tomcat-embed-websocket\10.1.36\tomcat-embed-websocket-10.1.36.jar;C:\Users\Arun k s\.m2\repository\org\springframework\spring-web\6.2.3\spring-web-6.2.3.jar;C:\Users\Arun k s\.m2\repository\org\springframework\spring-webmvc\6.2.3\spring-webmvc-6.2.3.jar;C:\Users\Arun k s\.m2\repository\org\springframework\spring-expression\6.2.3\spring-expression-6.2.3.jar;C:\Users\Arun k s\.m2\repository\org\flywaydb\flyway-core\10.20.1\flyway-core-10.20.1.jar;C:\Users\Arun k s\.m2\repository\com\fasterxml\jackson\dataformat\jackson-dataformat-toml\2.18.2\jackson-dataformat-toml-2.18.2.jar;C:\Users\Arun k s\.m2\repository\com\fasterxml\jackson\core\jackson-core\2.18.2\jackson-core-2.18.2.jar;C:\Users\Arun k s\.m2\repository\com\fasterxml\jackson\datatype\jackson-datatype-jsr310\2.18.2\jackson-datatype-jsr310-2.18.2.jar;C:\Users\Arun k s\.m2\repository\com\fasterxml\jackson\core\jackson-annotations\2.18.2\jackson-annotations-2.18.2.jar;C:\Users\Arun k s\.m2\repository\org\flywaydb\flyway-mysql\10.20.1\flyway-mysql-10.20.1.jar;C:\Users\Arun k s\.m2\repository\com\mysql\mysql-connector-j\9.1.0\mysql-connector-j-9.1.0.jar;C:\Users\Arun k s\.m2\repository\org\projectlombok\lombok\1.18.36\lombok-1.18.36.jar;C:\Users\Arun k s\.m2\repository\jakarta\xml\bind\jakarta.xml.bind-api\4.0.2\jakarta.xml.bind-api-4.0.2.jar;C:\Users\Arun k s\.m2\repository\jakarta\activation\jakarta.activation-api\2.1.3\jakarta.activation-api-2.1.3.jar;C:\Users\Arun k s\.m2\repository\org\springframework\spring-core\6.2.3\spring-core-6.2.3.jar;C:\Users\Arun k s\.m2\repository\org\springframework\spring-jcl\6.2.3\spring-jcl-6.2.3.jar;C:\Users\Arun k s\.m2\repository\org\springframework\boot\spring-boot-autoconfigure\3.4.3\spring-boot-autoconfigure-3.4.3.jar;C:\Users\Arun k s\.m2\repository\com\fasterxml\jackson\dataformat\jackson-dataformat-yaml\2.18.2\jackson-dataformat-yaml-2.18.2.jar;C:\Users\Arun k s\.m2\repository\org\springdoc\springdoc-openapi-starter-webmvc-ui\2.8.5\springdoc-openapi-starter-webmvc-ui-2.8.5.jar;C:\Users\Arun k s\.m2\repository\org\webjars\swagger-ui\5.18.3\swagger-ui-5.18.3.jar;C:\Users\Arun k s\.m2\repository\org\webjars\webjars-locator-lite\1.0.1\webjars-locator-lite-1.0.1.jar;C:\Users\Arun k s\.m2\repository\org\jspecify\jspecify\1.0.0\jspecify-1.0.0.jar;C:\Users\Arun k s\.m2\repository\org\springdoc\springdoc-openapi-starter-webmvc-api\2.8.5\springdoc-openapi-starter-webmvc-api-2.8.5.jar;C:\Users\Arun k s\.m2\repository\org\springdoc\springdoc-openapi-starter-common\2.8.5\springdoc-openapi-starter-common-2.8.5.jar;C:\Users\Arun k s\.m2\repository\io\swagger\core\v3\swagger-core-jakarta\2.2.28\swagger-core-jakarta-2.2.28.jar;C:\Users\Arun k s\.m2\repository\org\apache\commons\commons-lang3\3.17.0\commons-lang3-3.17.0.jar;C:\Users\Arun k s\.m2\repository\io\swagger\core\v3\swagger-annotations-jakarta\2.2.28\swagger-annotations-jakarta-2.2.28.jar;C:\Users\Arun k s\.m2\repository\io\swagger\core\v3\swagger-models-jakarta\2.2.28\swagger-models-jakarta-2.2.28.jar;C:\Users\Arun k s\.m2\repository\jakarta\validation\jakarta.validation-api\3.0.2\jakarta.validation-api-3.0.2.jar;C:\Users\Arun k s\.m2\repository\org\springframework\cloud\spring-cloud-starter-circuitbreaker-resilience4j\3.2.1\spring-cloud-starter-circuitbreaker-resilience4j-3.2.1.jar;C:\Users\Arun k s\.m2\repository\org\springframework\cloud\spring-cloud-starter\4.2.1\spring-cloud-starter-4.2.1.jar;C:\Users\Arun k s\.m2\repository\org\springframework\cloud\spring-cloud-context\4.2.1\spring-cloud-context-4.2.1.jar;C:\Users\Arun k s\.m2\repository\org\springframework\security\spring-security-crypto\6.4.3\spring-security-crypto-6.4.3.jar;C:\Users\Arun k s\.m2\repository\org\springframework\cloud\spring-cloud-commons\4.2.1\spring-cloud-commons-4.2.1.jar;C:\Users\Arun k s\.m2\repository\org\bouncycastle\bcprov-jdk18on\1.78.1\bcprov-jdk18on-1.78.1.jar;C:\Users\Arun k s\.m2\repository\org\springframework\cloud\spring-cloud-circuitbreaker-resilience4j\3.2.1\spring-cloud-circuitbreaker-resilience4j-3.2.1.jar;C:\Users\Arun k s\.m2\repository\io\github\resilience4j\resilience4j-spring-boot3\2.2.0\resilience4j-spring-boot3-2.2.0.jar;C:\Users\Arun k s\.m2\repository\io\github\resilience4j\resilience4j-spring6\2.2.0\resilience4j-spring6-2.2.0.jar;C:\Users\Arun k s\.m2\repository\io\github\resilience4j\resilience4j-annotations\2.2.0\resilience4j-annotations-2.2.0.jar;C:\Users\Arun k s\.m2\repository\io\github\resilience4j\resilience4j-consumer\2.2.0\resilience4j-consumer-2.2.0.jar;C:\Users\Arun k s\.m2\repository\io\github\resilience4j\resilience4j-circularbuffer\2.2.0\resilience4j-circularbuffer-2.2.0.jar;C:\Users\Arun k s\.m2\repository\io\github\resilience4j\resilience4j-framework-common\2.2.0\resilience4j-framework-common-2.2.0.jar;C:\Users\Arun k s\.m2\repository\io\github\resilience4j\resilience4j-micrometer\2.2.0\resilience4j-micrometer-2.2.0.jar;C:\Users\Arun k s\.m2\repository\io\github\resilience4j\resilience4j-retry\2.2.0\resilience4j-retry-2.2.0.jar;C:\Users\Arun k s\.m2\repository\io\github\resilience4j\resilience4j-ratelimiter\2.2.0\resilience4j-ratelimiter-2.2.0.jar;C:\Users\Arun k s\.m2\repository\org\springframework\boot\spring-boot-configuration-processor\3.4.3\spring-boot-configuration-processor-3.4.3.jar;C:\Users\Arun k s\.m2\repository\io\github\resilience4j\resilience4j-circuitbreaker\2.2.0\resilience4j-circuitbreaker-2.2.0.jar;C:\Users\Arun k s\.m2\repository\io\github\resilience4j\resilience4j-core\2.2.0\resilience4j-core-2.2.0.jar;C:\Users\Arun k s\.m2\repository\io\github\resilience4j\resilience4j-timelimiter\2.2.0\resilience4j-timelimiter-2.2.0.jar;C:\Users\Arun k s\.m2\repository\org\springframework\boot\spring-boot-starter-actuator\3.4.3\spring-boot-starter-actuator-3.4.3.jar;C:\Users\Arun k s\.m2\repository\org\springframework\boot\spring-boot-actuator-autoconfigure\3.4.3\spring-boot-actuator-autoconfigure-3.4.3.jar;C:\Users\Arun k s\.m2\repository\org\springframework\boot\spring-boot-actuator\3.4.3\spring-boot-actuator-3.4.3.jar;C:\Users\Arun k s\.m2\repository\io\micrometer\micrometer-observation\1.14.4\micrometer-observation-1.14.4.jar;C:\Users\Arun k s\.m2\repository\io\micrometer\micrometer-commons\1.14.4\micrometer-commons-1.14.4.jar;C:\Users\Arun k s\.m2\repository\io\micrometer\micrometer-jakarta9\1.14.4\micrometer-jakarta9-1.14.4.jar;C:\Users\Arun k s\.m2\repository\io\micrometer\micrometer-core\1.14.4\micrometer-core-1.14.4.jar;C:\Users\Arun k s\.m2\repository\org\hdrhistogram\HdrHistogram\2.2.2\HdrHistogram-2.2.2.jar;C:\Users\Arun k s\.m2\repository\org\latencyutils\LatencyUtils\2.0.3\LatencyUtils-2.0.3.jar;C:\Users\Arun k s\.m2\repository\org\springframework\kafka\spring-kafka\3.3.3\spring-kafka-3.3.3.jar;C:\Users\Arun k s\.m2\repository\org\springframework\spring-context\6.2.3\spring-context-6.2.3.jar;C:\Users\Arun k s\.m2\repository\org\springframework\spring-messaging\6.2.3\spring-messaging-6.2.3.jar;C:\Users\Arun k s\.m2\repository\org\springframework\spring-tx\6.2.3\spring-tx-6.2.3.jar;C:\Users\Arun k s\.m2\repository\org\springframework\retry\spring-retry\2.0.11\spring-retry-2.0.11.jar;C:\Users\Arun k s\.m2\repository\org\apache\kafka\kafka-clients\3.8.1\kafka-clients-3.8.1.jar;C:\Users\Arun k s\.m2\repository\com\github\luben\zstd-jni\1.5.6-4\zstd-jni-1.5.6-4.jar;C:\Users\Arun k s\.m2\repository\org\lz4\lz4-java\1.8.0\lz4-java-1.8.0.jar;C:\Users\Arun k s\.m2\repository\org\xerial\snappy\snappy-java\1.1.10.5\snappy-java-1.1.10.5.jar;C:\Users\Arun k s\.m2\repository\ch\qos\logback\logback-core\1.5.16\logback-core-1.5.16.jar;C:\Users\Arun k s\.m2\repository\ch\qos\logback\logback-classic\1.5.16\logback-classic-1.5.16.jar
Launcher Type: SUN_STANDARD

[Global flags]
     intx CICompilerCount                          = 4                                         {product} {ergonomic}
     uint ConcGCThreads                            = 2                                         {product} {ergonomic}
     uint G1ConcRefinementThreads                  = 8                                         {product} {ergonomic}
   size_t G1HeapRegionSize                         = 2097152                                   {product} {ergonomic}
   size_t InitialHeapSize                          = 266338304                                 {product} {ergonomic}
   size_t MarkStackSize                            = 4194304                                   {product} {ergonomic}
   size_t MarkStackSizeMax                         = 536870912                                 {product} {ergonomic}
   size_t MaxHeapSize                              = 4234149888                                {product} {ergonomic}
   size_t MaxNewSize                               = 2539651072                                {product} {ergonomic}
   size_t MinHeapDeltaBytes                        = 2097152                                   {product} {ergonomic}
   size_t MinHeapSize                              = 8388608                                   {product} {ergonomic}
    uintx NonNMethodCodeHeapSize                   = 5832704                                {pd product} {ergonomic}
    uintx NonProfiledCodeHeapSize                  = 122945536                              {pd product} {ergonomic}
    uintx ProfiledCodeHeapSize                     = 122880000                              {pd product} {ergonomic}
    uintx ReservedCodeCacheSize                    = 251658240                              {pd product} {ergonomic}
     bool SegmentedCodeCache                       = true                                      {product} {ergonomic}
   size_t SoftMaxHeapSize                          = 4234149888                             {manageable} {ergonomic}
     bool UseCompressedOops                        = true                           {product lp64_product} {ergonomic}
     bool UseG1GC                                  = true                                      {product} {ergonomic}
     bool UseLargePagesIndividualAllocation        = false                                  {pd product} {ergonomic}

Logging:
Log output configuration:
 #0: stdout all=warning uptime,level,tags foldmultilines=false
 #1: stderr all=off uptime,level,tags foldmultilines=false

Environment Variables:
PATH=C:\Program Files\Common Files\Oracle\Java\javapath;C:\oraclexe\app\oracle\product\11.2.0\server\bin;C:\Program Files (x86)\Common Files\Oracle\Java\javapath;C:\ProgramData\Oracle\Java\javapath;C:\Windows\system32;C:\Windows;C:\Windows\System32\Wbem;C:\Windows\System32\WindowsPowerShell\v1.0\;C:\Windows\System32\OpenSSH\;C:\Program Files\NVIDIA Corporation\NVIDIA NvDLISR;C:\Program Files (x86)\NVIDIA Corporation\PhysX\Common;C:\WINDOWS\system32;C:\WINDOWS;C:\WINDOWS\System32\Wbem;C:\WINDOWS\System32\WindowsPowerShell\v1.0\;C:\WINDOWS\System32\OpenSSH\;C:\Program Files\Git\cmd;C:\Program Files\dotnet\;C:\Program Files\Docker\Docker\resources\bin;C:\Program Files\MongoDB\Server\8.0\bin;C:\Program Files\nodejs\;C:\Program Files\MySQL\MySQL Shell 8.0\bin\;C:\Users\Arun k s\AppData\Local\Programs\Python\Python39\Scripts\;C:\Users\Arun k s\AppData\Local\Programs\Python\Python39\;C:\Users\Arun k s\AppData\Local\Microsoft\WindowsApps;C:\Users\Arun k s\Documents\Intelij\IntelliJ IDEA Community Edition 2021.1.2\bin;C:\Users\Arun k s\AppData\Local\Programs\Microsoft VS Code\bin;C:\Users\Arun k s\AppData\Local\Microsoft\WindowsApps;C:\Users\Arun k s\AppData\Local\GitHubDesktop\bin;C:\Program Files\JetBrains\IntelliJ IDEA Community Edition 2024.3.3\bin;;C:\Program Files\MongoDB\Server\8.0\bin;C:\Users\Arun k s\AppData\Roaming\npm
USERNAME=Arun k s
OS=Windows_NT
PROCESSOR_IDENTIFIER=Intel64 Family 6 Model 126 Stepping 5, GenuineIntel
TMP=C:\Users\Arun k s\AppData\Local\Temp
TEMP=C:\Users\Arun k s\AppData\Local\Temp




Periodic native trim disabled

---------------  S Y S T E M  ---------------

OS:
 Windows 11 , 64 bit Build 26100 (10.0.26100.3323)
OS uptime: 4 days 1:40 hours
Hyper-V role detected

CPU: total 8 (initial active 8) (4 cores per cpu, 2 threads per core) family 6 model 126 stepping 5 microcode 0xc2, cx8, cmov, fxsr, ht, mmx, 3dnowpref, sse, sse2, sse3, ssse3, sse4.1, sse4.2, popcnt, lzcnt, tsc, tscinvbit, avx, avx2, aes, erms, clmul, bmi1, bmi2, adx, avx512f, avx512dq, avx512cd, avx512bw, avx512vl, sha, fma, vzeroupper, avx512_vpopcntdq, avx512_vpclmulqdq, avx512_vaes, avx512_vnni, clflush, clflushopt, avx512_vbmi2, avx512_vbmi, hv, rdtscp, rdpid, fsrm, gfni, avx512_bitalg, f16c, avx512_ifma
Processor Information for the first 8 processors :
  Max Mhz: 1190, Current Mhz: 991, Mhz Limit: 987

Memory: 4k page, system-wide physical 16151M (1535M free)
TotalPageFile size 29463M (AvailPageFile size 9654M)
current process WorkingSet (physical memory assigned to process): 337M, peak: 338M
current process commit charge ("private bytes"): 370M, peak: 402M

vm_info: Java HotSpot(TM) 64-Bit Server VM (23.0.2+7-58) for windows-amd64 JRE (23.0.2+7-58), built on 2024-11-29T09:34:55Z with MS VC++ 17.6 (VS2022)

END.
